<?xml version="1.0" encoding="UTF-8" ?>
<testsuite failures="0" time="2.605" errors="0" skipped="0" tests="1" name="ExampleUnitTestCase">
  <properties>
    <property name="java.runtime.name" value="Java(TM) SE Runtime Environment"/>
    <property name="sun.boot.library.path" value="/System/Library/Java/JavaVirtualMachines/1.6.0.jdk/Contents/Libraries"/>
    <property name="java.vm.version" value="20.14-b01-447"/>
    <property name="awt.nativeDoubleBuffering" value="true"/>
    <property name="gopherProxySet" value="false"/>
    <property name="mrj.build" value="11M4203"/>
    <property name="java.vm.vendor" value="Apple Inc."/>
    <property name="java.vendor.url" value="http://www.apple.com/"/>
    <property name="path.separator" value=":"/>
    <property name="java.vm.name" value="Java HotSpot(TM) 64-Bit Server VM"/>
    <property name="file.encoding.pkg" value="sun.io"/>
    <property name="user.country" value="US"/>
    <property name="sun.java.launcher" value="SUN_STANDARD"/>
    <property name="sun.os.patch.level" value="unknown"/>
    <property name="java.vm.specification.name" value="Java Virtual Machine Specification"/>
    <property name="user.dir" value="/Users/matthew.hernandez/jive/sbs/betterbookmarks"/>
    <property name="java.runtime.version" value="1.6.0_43-b01-447-11M4203"/>
    <property name="java.awt.graphicsenv" value="apple.awt.CGraphicsEnvironment"/>
    <property name="basedir" value="/Users/matthew.hernandez/jive/sbs/betterbookmarks"/>
    <property name="java.endorsed.dirs" value="/System/Library/Java/JavaVirtualMachines/1.6.0.jdk/Contents/Home/lib/endorsed"/>
    <property name="os.arch" value="x86_64"/>
    <property name="surefire.real.class.path" value="/var/folders/tf/t_3xywsd6234gs949ndkp9w19v98gq/T/surefirebooter8835497363529740008.jar"/>
    <property name="java.io.tmpdir" value="/var/folders/tf/t_3xywsd6234gs949ndkp9w19v98gq/T/"/>
    <property name="line.separator" value="
"/>
    <property name="java.vm.specification.vendor" value="Sun Microsystems Inc."/>
    <property name="os.name" value="Mac OS X"/>
    <property name="sun.jnu.encoding" value="MacRoman"/>
    <property name="java.library.path" value=".:/Library/Java/Extensions:/System/Library/Java/Extensions:/usr/lib/java"/>
    <property name="surefire.test.class.path" value="/Users/matthew.hernandez/jive/sbs/betterbookmarks/target/test-classes:/Users/matthew.hernandez/jive/sbs/betterbookmarks/target/classes:/Users/matthew.hernandez/.m2/repository/com/jivesoftware/jive-core/6.0.0.1/jive-core-6.0.0.1.jar:/Users/matthew.hernandez/.m2/repository/com/jivesoftware/corev3-doclet/6.0.0.1/corev3-doclet-6.0.0.1.jar:/System/Library/Java/JavaVirtualMachines/1.6.0.jdk/Contents/Home/../Classes/classes.jar:/Users/matthew.hernandez/.m2/repository/com/jivesoftware/license/jive-license/3.0.24/jive-license-3.0.24.jar:/Users/matthew.hernandez/.m2/repository/com/jivesoftware/jive-cache-voldemort/6.0.0.1/jive-cache-voldemort-6.0.0.1.jar:/Users/matthew.hernandez/.m2/repository/com/jivesoftware/jive-cache-core/6.0.0.1/jive-cache-core-6.0.0.1.jar:/Users/matthew.hernandez/.m2/repository/com/jivesoftware/cxf/2.2.11-jive/cxf-2.2.11-jive.jar:/Users/matthew.hernandez/.m2/repository/org/jivesoftware/smack/smack/3.0.4/smack-3.0.4.jar:/Users/matthew.hernandez/.m2/repository/javax/activation/activation/1.1/activation-1.1.jar:/Users/matthew.hernandez/.m2/repository/org/apache/activemq/activemq-all/5.2.0/activemq-all-5.2.0.jar:/Users/matthew.hernandez/.m2/repository/com/jivesoftware/akismet-java/1.0-J/akismet-java-1.0-J.jar:/Users/matthew.hernandez/.m2/repository/com/jivesoftware/aperture/1.1.0-beta-3.0.0/aperture-1.1.0-beta-3.0.0.jar:/Users/matthew.hernandez/.m2/repository/org/aspectj/aspectjrt/1.6.9/aspectjrt-1.6.9.jar:/Users/matthew.hernandez/.m2/repository/com/jivesoftware/avalon/4.2.0/avalon-4.2.0.jar:/Users/matthew.hernandez/.m2/repository/org/bouncycastle/bcprov-jdk16/1.46/bcprov-jdk16-1.46.jar:/Users/matthew.hernandez/.m2/repository/com/jivesoftware/bsf/1.0-J/bsf-1.0-J.jar:/Users/matthew.hernandez/.m2/repository/com/jivesoftware/closure-compiler/20110811-6.0.0.0/closure-compiler-20110811-6.0.0.0.jar:/Users/matthew.hernandez/.m2/repository/com/jivesoftware/service/common/service-constants/2.0.28.1/service-constants-2.0.28.1.jar:/Users/matthew.hernandez/.m2/repository/commons-beanutils/commons-beanutils/1.7.0/commons-beanutils-1.7.0.jar:/Users/matthew.hernandez/.m2/repository/commons-codec/commons-codec/1.4/commons-codec-1.4.jar:/Users/matthew.hernandez/.m2/repository/commons-collections/commons-collections/3.2.1/commons-collections-3.2.1.jar:/Users/matthew.hernandez/.m2/repository/com/jivesoftware/commons-fileupload/1.2.1-2.5.4/commons-fileupload-1.2.1-2.5.4.jar:/Users/matthew.hernandez/.m2/repository/commons-httpclient/commons-httpclient/3.1/commons-httpclient-3.1.jar:/Users/matthew.hernandez/.m2/repository/commons-io/commons-io/1.4/commons-io-1.4.jar:/Users/matthew.hernandez/.m2/repository/commons-lang/commons-lang/2.4/commons-lang-2.4.jar:/Users/matthew.hernandez/.m2/repository/org/apache/commons/commons-math/2.2/commons-math-2.2.jar:/Users/matthew.hernandez/.m2/repository/org/apache/velocity/velocity/1.5/velocity-1.5.jar:/Users/matthew.hernandez/.m2/repository/oro/oro/2.0.8/oro-2.0.8.jar:/Users/matthew.hernandez/.m2/repository/com/jivesoftware/commons-pool/1.5.6-5.0.0.0/commons-pool-1.5.6-5.0.0.0.jar:/Users/matthew.hernandez/.m2/repository/com/jivesoftware/css4j/0.10-4.0.0/css4j-0.10-4.0.0.jar:/Users/matthew.hernandez/.m2/repository/net/sourceforge/cssparser/cssparser/0.9.5/cssparser-0.9.5.jar:/Users/matthew.hernandez/.m2/repository/org/w3c/css/sac/1.3/sac-1.3.jar:/Users/matthew.hernandez/.m2/repository/com/jivesoftware/daisydiff/1.0-3.0.5/daisydiff-1.0-3.0.5.jar:/Users/matthew.hernandez/.m2/repository/dom4j/dom4j/1.6.1/dom4j-1.6.1.jar:/Users/matthew.hernandez/.m2/repository/com/jivesoftware/dwr/2.0.5-2.5.6/dwr-2.0.5-2.5.6.jar:/Users/matthew.hernandez/.m2/repository/eae/shared/eae-constants/3.1.0.6/eae-constants-3.1.0.6.jar:/Users/matthew.hernandez/.m2/repository/com/jivesoftware/eae-journal/1.1.0.1-5.0.0.0/eae-journal-1.1.0.1-5.0.0.0.jar:/Users/matthew.hernandez/.m2/repository/eae/core/eae-service-client/3.2.0.6/eae-service-client-3.2.0.6.jar:/Users/matthew.hernandez/.m2/repository/com/jivesoftware/service/common/logger/1.3.0.6/logger-1.3.0.6.jar:/Users/matthew.hernandez/.m2/repository/com/jivesoftware/service/marshall/marshall/2.0.27.1/marshall-2.0.27.1.jar:/Users/matthew.hernandez/.m2/repository/com/colt/nicity-core/1.1/nicity-core-1.1.jar:/Users/matthew.hernandez/.m2/repository/eae/core/eae-service-thrift/3.0.1.0/eae-service-thrift-3.0.1.0.jar:/Users/matthew.hernandez/.m2/repository/com/jivesoftware/service/property/typed-property-map/2.0.27.0/typed-property-map-2.0.27.0.jar:/Users/matthew.hernandez/.m2/repository/com/jivesoftware/jive-common-base/1.0.0.11/jive-common-base-1.0.0.11.jar:/Users/matthew.hernandez/.m2/repository/com/sun/jmx/jmxri/1.2.1/jmxri-1.2.1.jar:/Users/matthew.hernandez/.m2/repository/com/jivesoftware/service/common/uuid/2.0.28.1/uuid-2.0.28.1.jar:/Users/matthew.hernandez/.m2/repository/com/jivesoftware/ezmorph/0.8.1/ezmorph-0.8.1.jar:/Users/matthew.hernandez/.m2/repository/org/apache/xmlgraphics/fop/0.95beta-1/fop-0.95beta-1.jar:/Users/matthew.hernandez/.m2/repository/com/jivesoftware/freemarker/2.3.15-4.0.0/freemarker-2.3.15-4.0.0.jar:/Users/matthew.hernandez/.m2/repository/com/jivesoftware/google-closure-custom/2-6.0.0.0/google-closure-custom-2-6.0.0.0.jar:/Users/matthew.hernandez/.m2/repository/com/jivesoftware/gson/1.5-5.0.0.0/gson-1.5-5.0.0.0.jar:/Users/matthew.hernandez/.m2/repository/com/google/inject/guice/3.0/guice-3.0.jar:/Users/matthew.hernandez/.m2/repository/javax/inject/javax.inject/1/javax.inject-1.jar:/Users/matthew.hernandez/.m2/repository/com/google/inject/extensions/guice-multibindings/3.0/guice-multibindings-3.0.jar:/Users/matthew.hernandez/.m2/repository/com/google/inject/extensions/guice-spring/3.0/guice-spring-3.0.jar:/Users/matthew.hernandez/.m2/repository/com/jivesoftware/htmlcleaner/2.2-5.0.1.0/htmlcleaner-2.2-5.0.1.0.jar:/Users/matthew.hernandez/.m2/repository/org/codehaus/jackson/jackson-core-asl/1.6.1/jackson-core-asl-1.6.1.jar:/Users/matthew.hernandez/.m2/repository/org/codehaus/jackson/jackson-jaxrs/1.6.1/jackson-jaxrs-1.6.1.jar:/Users/matthew.hernandez/.m2/repository/org/codehaus/jackson/jackson-mapper-asl/1.6.1/jackson-mapper-asl-1.6.1.jar:/Users/matthew.hernandez/.m2/repository/org/codehaus/jackson/jackson-xc/1.6.1/jackson-xc-1.6.1.jar:/Users/matthew.hernandez/.m2/repository/com/jivesoftware/jai_codec/1.1.3-3.0.0/jai_codec-1.1.3-3.0.0.jar:/Users/matthew.hernandez/.m2/repository/com/jivesoftware/jai_core/1.1.3-3.0.0/jai_core-1.1.3-3.0.0.jar:/Users/matthew.hernandez/.m2/repository/javax/mail/mail/1.4/mail-1.4.jar:/Users/matthew.hernandez/.m2/repository/com/jivesoftware/javamail_providers/1.3.3/javamail_providers-1.3.3.jar:/Users/matthew.hernandez/.m2/repository/jaxen/jaxen/1.1-beta-9/jaxen-1.1-beta-9.jar:/Users/matthew.hernandez/.m2/repository/org/apache/axis/axis-jaxrpc/1.4/axis-jaxrpc-1.4.jar:/Users/matthew.hernandez/.m2/repository/com/jivesoftware/jchardet/1.1-3.0.1/jchardet-1.1-3.0.1.jar:/Users/matthew.hernandez/.m2/repository/jdom/jdom/1.0/jdom-1.0.jar:/Users/matthew.hernandez/.m2/repository/org/codehaus/jettison/jettison/1.2/jettison-1.2.jar:/Users/matthew.hernandez/.m2/repository/com/jivesoftware/cloud/services/jive-cloud-services-api/0.2.29/jive-cloud-services-api-0.2.29.jar:/Users/matthew.hernandez/.m2/repository/net/oauth/core/oauth-httpclient4/20090913/oauth-httpclient4-20090913.jar:/Users/matthew.hernandez/.m2/repository/com/jivesoftware/jive-clustering-jgroups/1.1/jive-clustering-jgroups-1.1.jar:/Users/matthew.hernandez/.m2/repository/com/jivesoftware/jive-clustering/1.1/jive-clustering-1.1.jar:/Users/matthew.hernandez/.m2/repository/com/jivesoftware/jgroups-core/2.10.0-6.0.0.0/jgroups-core-2.10.0-6.0.0.0.jar:/Users/matthew.hernandez/.m2/repository/com/jivesoftware/kryo/1.1-6.0.0.0/kryo-1.1-6.0.0.0.jar:/Users/matthew.hernandez/.m2/repository/com/jivesoftware/asm/3.2-4.5.0/asm-3.2-4.5.0.jar:/Users/matthew.hernandez/.m2/repository/kryo/minlog/1.1/minlog-1.1.jar:/Users/matthew.hernandez/.m2/repository/com/jivesoftware/jive-common-annotations/1.0.0.3/jive-common-annotations-1.0.0.3.jar:/Users/matthew.hernandez/.m2/repository/com/jivesoftware/jive-common-constants/1.0.0.11/jive-common-constants-1.0.0.11.jar:/Users/matthew.hernandez/.m2/repository/com/jivesoftware/jive-common-exception/1.0.0.3/jive-common-exception-1.0.0.3.jar:/Users/matthew.hernandez/.m2/repository/com/jivesoftware/jive-common-serialization/1.0.0.3/jive-common-serialization-1.0.0.3.jar:/Users/matthew.hernandez/.m2/repository/com/jivesoftware/jive-common-event/1.0.0.3/jive-common-event-1.0.0.3.jar:/Users/matthew.hernandez/.m2/repository/com/jivesoftware/jive-common-manager/1.0.0.3/jive-common-manager-1.0.0.3.jar:/Users/matthew.hernandez/.m2/repository/com/jivesoftware/jive-common-pojo/1.0.0.12/jive-common-pojo-1.0.0.12.jar:/Users/matthew.hernandez/.m2/repository/com/jivesoftware/jive-common-time/1.0.0.3/jive-common-time-1.0.0.3.jar:/Users/matthew.hernandez/.m2/repository/com/jivesoftware/jive-common-trial/1.0.0.9/jive-common-trial-1.0.0.9.jar:/Users/matthew.hernandez/.m2/repository/com/jivesoftware/jive-eos/1.5.133185-5.0.0.0/jive-eos-1.5.133185-5.0.0.0.jar:/Users/matthew.hernandez/.m2/repository/com/jivesoftware/ext/jive-ext/2.1/jive-ext-2.1.jar:/Users/matthew.hernandez/.m2/repository/com/jivesoftware/jive-token-replacement-connection/1.0-J/jive-token-replacement-connection-1.0-J.jar:/Users/matthew.hernandez/.m2/repository/com/jivesoftware/jive-xwork/2.0.7-6.0.0/jive-xwork-2.0.7-6.0.0.jar:/Users/matthew.hernandez/.m2/repository/com/jivesoftware/jive-ognl/2.7.2-5.0.3/jive-ognl-2.7.2-5.0.3.jar:/Users/matthew.hernandez/.m2/repository/joda-time/joda-time/1.6/joda-time-1.6.jar:/Users/matthew.hernandez/.m2/repository/org/json/json/20070829/json-20070829.jar:/Users/matthew.hernandez/.m2/repository/com/jivesoftware/json-lib/0.8.0/json-lib-0.8.0.jar:/Users/matthew.hernandez/.m2/repository/javax/ws/rs/jsr311-api/1.0/jsr311-api-1.0.jar:/Users/matthew.hernandez/.m2/repository/com/jivesoftware/jtidy/8.0-20060801.131059-3-3.0.0/jtidy-8.0-20060801.131059-3-3.0.0.jar:/Users/matthew.hernandez/.m2/repository/com/jivesoftware/kahadb/5.3.2-5.0.0.0/kahadb-5.3.2-5.0.0.0.jar:/Users/matthew.hernandez/.m2/repository/log4j/log4j/1.2.15/log4j-1.2.15.jar:/Users/matthew.hernandez/.m2/repository/org/jboss/netty/netty/3.2.3.Final/netty-3.2.3.Final.jar:/Users/matthew.hernandez/.m2/repository/com/newrelic/newrelic-api/2.4.2/newrelic-api-2.4.2.jar:/Users/matthew.hernandez/.m2/repository/net/oauth/core/oauth/20090531/oauth-20090531.jar:/Users/matthew.hernandez/.m2/repository/org/opends/openDS/2.2.0/openDS-2.2.0.jar:/Users/matthew.hernandez/.m2/repository/org/opensaml/opensaml/2.5.2/opensaml-2.5.2.jar:/Users/matthew.hernandez/.m2/repository/org/slf4j/jcl-over-slf4j/1.6.2/jcl-over-slf4j-1.6.2.jar:/Users/matthew.hernandez/.m2/repository/org/slf4j/log4j-over-slf4j/1.6.2/log4j-over-slf4j-1.6.2.jar:/Users/matthew.hernandez/.m2/repository/org/slf4j/jul-to-slf4j/1.6.2/jul-to-slf4j-1.6.2.jar:/Users/matthew.hernandez/.m2/repository/org/opensaml/openws/1.4.3/openws-1.4.3.jar:/Users/matthew.hernandez/.m2/repository/org/opensaml/xmltooling/1.3.3/xmltooling-1.3.3.jar:/Users/matthew.hernandez/.m2/repository/ca/juliusdavies/not-yet-commons-ssl/0.3.9/not-yet-commons-ssl-0.3.9.jar:/Users/matthew.hernandez/.m2/repository/com/jivesoftware/opensearch/0.1-3.0.1/opensearch-0.1-3.0.1.jar:/Users/matthew.hernandez/.m2/repository/com/jivesoftware/openid4java/0.9.5-6.0.0.0/openid4java-0.9.5-6.0.0.0.jar:/Users/matthew.hernandez/.m2/repository/com/jivesoftware/openxml4j-bin/110901.beta-6.0.0.0/openxml4j-bin-110901.beta-6.0.0.0.jar:/Users/matthew.hernandez/.m2/repository/com/jivesoftware/opml/0.1-4.0.0/opml-0.1-4.0.0.jar:/Users/matthew.hernandez/.m2/repository/org/springframework/spring-context/3.0.3.RELEASE-Jive2/spring-context-3.0.3.RELEASE-Jive2.jar:/Users/matthew.hernandez/.m2/repository/org/springframework/spring-jdbc/3.0.3.RELEASE/spring-jdbc-3.0.3.RELEASE.jar:/Users/matthew.hernandez/.m2/repository/org/springframework/spring-tx/3.0.3.RELEASE/spring-tx-3.0.3.RELEASE.jar:/Users/matthew.hernandez/.m2/repository/org/springframework/spring-web/3.0.3.RELEASE/spring-web-3.0.3.RELEASE.jar:/Users/matthew.hernandez/.m2/repository/opensymphony/oscore/2.2.5/oscore-2.2.5.jar:/Users/matthew.hernandez/.m2/repository/com/jivesoftware/oscache/2.4.1-2.5.3/oscache-2.4.1-2.5.3.jar:/Users/matthew.hernandez/.m2/repository/opensymphony/workflow/2.8/workflow-2.8.jar:/Users/matthew.hernandez/.m2/repository/org/apache/pdfbox/pdfbox/1.6.0/pdfbox-1.6.0.jar:/Users/matthew.hernandez/.m2/repository/com/jivesoftware/poi/3.6-99235-4.5.0/poi-3.6-99235-4.5.0.jar:/Users/matthew.hernandez/.m2/repository/com/jivesoftware/poi-ooxml/3.6-99235-4.5.0/poi-ooxml-3.6-99235-4.5.0.jar:/Users/matthew.hernandez/.m2/repository/org/apache/xmlbeans/xmlbeans/2.4.0/xmlbeans-2.4.0.jar:/Users/matthew.hernandez/.m2/repository/com/jivesoftware/poi-scratchpad/3.6-4.5.0/poi-scratchpad-3.6-4.5.0.jar:/Users/matthew.hernandez/.m2/repository/com/jivesoftware/propertyset/1.0-J/propertyset-1.0-J.jar:/Users/matthew.hernandez/.m2/repository/com/jivesoftware/rdf2go.api/4.6.2-3.0.0/rdf2go.api-4.6.2-3.0.0.jar:/Users/matthew.hernandez/.m2/repository/rome/rome-fetcher/1.0/rome-fetcher-1.0.jar:/Users/matthew.hernandez/.m2/repository/rome/rome/1.0/rome-1.0.jar:/Users/matthew.hernandez/.m2/repository/com/jivesoftware/shindig-common/2.0.0-6.0.0.0/shindig-common-2.0.0-6.0.0.0.jar:/Users/matthew.hernandez/.m2/repository/com/jivesoftware/shindig-gadgets/2.0.0-6.0.0.0/shindig-gadgets-2.0.0-6.0.0.0.jar:/Users/matthew.hernandez/.m2/repository/com/jivesoftware/shindig-social-api/2.0.0-6.0.0.0/shindig-social-api-2.0.0-6.0.0.0.jar:/Users/matthew.hernandez/.m2/repository/net/sf/ehcache/ehcache-core/2.5.0/ehcache-core-2.5.0.jar:/Users/matthew.hernandez/.m2/repository/opensymphony/sitemesh/2.3/sitemesh-2.3.jar:/Users/matthew.hernandez/.m2/repository/com/jivesoftware/sitemeshprocessor/1.0-J/sitemeshprocessor-1.0-J.jar:/Users/matthew.hernandez/.m2/repository/com/jivesoftware/spring-ldap/1.3.0-3.0.2/spring-ldap-1.3.0-3.0.2.jar:/Users/matthew.hernandez/.m2/repository/com/jivesoftware/spring-ldap-vlvcontrol/1.0/spring-ldap-vlvcontrol-1.0.jar:/Users/matthew.hernandez/.m2/repository/com/sun/ldapbp/1.0/ldapbp-1.0.jar:/Users/matthew.hernandez/.m2/repository/org/springframework/security/spring-security-core/3.0.5.RELEASE/spring-security-core-3.0.5.RELEASE.jar:/Users/matthew.hernandez/.m2/repository/com/jivesoftware/spring-security-kerberos-core/1.0.ea3fc0d-5.0.0.0/spring-security-kerberos-core-1.0.ea3fc0d-5.0.0.0.jar:/Users/matthew.hernandez/.m2/repository/org/springframework/security/spring-security-ldap/3.0.5.RELEASE/spring-security-ldap-3.0.5.RELEASE.jar:/Users/matthew.hernandez/.m2/repository/org/springframework/security/oauth/spring-security-oauth/1.0.0.M3/spring-security-oauth-1.0.0.M3.jar:/Users/matthew.hernandez/.m2/repository/org/springframework/security/spring-security-openid/3.0.5.RELEASE/spring-security-openid-3.0.5.RELEASE.jar:/Users/matthew.hernandez/.m2/repository/org/springframework/security/extensions/spring-security-saml2-core/1.0.0-RC1/spring-security-saml2-core-1.0.0-RC1.jar:/Users/matthew.hernandez/.m2/repository/org/springframework/security/spring-security-web/3.0.5.RELEASE/spring-security-web-3.0.5.RELEASE.jar:/Users/matthew.hernandez/.m2/repository/com/jivesoftware/ssce/1.0-J/ssce-1.0-J.jar:/Users/matthew.hernandez/.m2/repository/com/jivesoftware/struts2-core/2.0.14-4.5.6.0.beta/struts2-core-2.0.14-4.5.6.0.beta.jar:/Users/matthew.hernandez/.m2/repository/com/jivesoftware/subethasmtp/3.1-4.0.0/subethasmtp-3.1-4.0.0.jar:/Users/matthew.hernandez/.m2/repository/com/jivesoftware/thrift/0.4.0-5.0.0.0/thrift-0.4.0-5.0.0.0.jar:/Users/matthew.hernandez/.m2/repository/com/jivesoftware/voldemort-jive/0.80-6.0.0.4/voldemort-jive-0.80-6.0.0.4.jar:/Users/matthew.hernandez/.m2/repository/com/jivesoftware/wfw/0.1/wfw-0.1.jar:/Users/matthew.hernandez/.m2/repository/org/jivesoftware/whack/whack/1.0.0/whack-1.0.0.jar:/Users/matthew.hernandez/.m2/repository/com/jivesoftware/wss4j-1.5.8-custom/1.5.8-4.0.2/wss4j-1.5.8-custom-1.5.8-4.0.2.jar:/Users/matthew.hernandez/.m2/repository/xalan/xalan/2.7.1/xalan-2.7.1.jar:/Users/matthew.hernandez/.m2/repository/com/jivesoftware/xmlrpc-client/1.0_2_0_0_rc1/xmlrpc-client-1.0_2_0_0_rc1.jar:/Users/matthew.hernandez/.m2/repository/com/jivesoftware/xmlrpc-common/1.0_2_0_0_rc1/xmlrpc-common-1.0_2_0_0_rc1.jar:/Users/matthew.hernandez/.m2/repository/com/jivesoftware/xmlrpc-server/1.0_2_0_0_rc1/xmlrpc-server-1.0_2_0_0_rc1.jar:/Users/matthew.hernandez/.m2/repository/com/thoughtworks/xstream/xstream/1.3.1/xstream-1.3.1.jar:/Users/matthew.hernandez/.m2/repository/com/jivesoftware/yuicompressor/2.2.4_2_0_0_rc1/yuicompressor-2.2.4_2_0_0_rc1.jar:/Users/matthew.hernandez/.m2/repository/com/jivesoftware/zxing-core/1.7-5.0.1.0/zxing-core-1.7-5.0.1.0.jar:/Users/matthew.hernandez/.m2/repository/com/jivesoftware/zxing-javase/1.7-5.0.1.0/zxing-javase-1.7-5.0.1.0.jar:/Users/matthew.hernandez/.m2/repository/com/jivesoftware/proxool/0.9.1-3.0.0/proxool-0.9.1-3.0.0.jar:/Users/matthew.hernandez/.m2/repository/com/jivesoftware/opencsv/1.8-2.5.1/opencsv-1.8-2.5.1.jar:/Users/matthew.hernandez/.m2/repository/com/jivesoftware/caja/2.0.0.4135-5.0.0.0/caja-2.0.0.4135-5.0.0.0.jar:/Users/matthew.hernandez/.m2/repository/org/springframework/spring-beans/3.0.3.RELEASE-Jive3/spring-beans-3.0.3.RELEASE-Jive3.jar:/Users/matthew.hernandez/.m2/repository/org/springframework/spring-aop/3.0.3.RELEASE-Jive2/spring-aop-3.0.3.RELEASE-Jive2.jar:/Users/matthew.hernandez/.m2/repository/org/springframework/spring-core/3.0.3.RELEASE-Jive2/spring-core-3.0.3.RELEASE-Jive2.jar:/Users/matthew.hernandez/.m2/repository/jive/sqlgen/sqlgen/2.3.7/sqlgen-2.3.7.jar:/Users/matthew.hernandez/.m2/repository/org/jruby/jruby-complete/1.0/jruby-complete-1.0.jar:/Users/matthew.hernandez/.m2/repository/org/htmlparser/htmlparser/1.6/htmlparser-1.6.jar:/Users/matthew.hernandez/.m2/repository/org/apache/james/jspf/apache-jspf-resolver/1.0.0/apache-jspf-resolver-1.0.0.jar:/Users/matthew.hernandez/.m2/repository/dnsjava/dnsjava/2.0.8/dnsjava-2.0.8.jar:/Users/matthew.hernandez/.m2/repository/uk/nominet/dnsjnio/1.0.3/dnsjnio-1.0.3.jar:/Users/matthew.hernandez/.m2/repository/com/jivesoftware/service/activity-stream/ingress/service-api-ingress/2.0.28.0/service-api-ingress-2.0.28.0.jar:/Users/matthew.hernandez/.m2/repository/com/jivesoftware/service/activity-stream/ingress/service-api-pojo-ingress/2.0.28.0/service-api-pojo-ingress-2.0.28.0.jar:/Users/matthew.hernandez/.m2/repository/com/jivesoftware/eae/activity/eae-ingress/service-api-eae-ingress/1.0.0.2/service-api-eae-ingress-1.0.0.2.jar:/Users/matthew.hernandez/.m2/repository/com/jivesoftware/eae/activity/eae-ingress/service-api-pojo-eae-ingress/1.0.0.2/service-api-pojo-eae-ingress-1.0.0.2.jar:/Users/matthew.hernandez/.m2/repository/com/jivesoftware/eae/activity/eae-marshall/1.0.0.2/eae-marshall-1.0.0.2.jar:/Users/matthew.hernandez/.m2/repository/com/jivesoftware/service/property/marshalling/typed-property-map-marshalling-json/1.0.0.2/typed-property-map-marshalling-json-1.0.0.2.jar:/Users/matthew.hernandez/.m2/repository/com/jivesoftware/service/activity-stream/marshall/service-impl/json-activity-stream-marshaller/1.0.0.9/json-activity-stream-marshaller-1.0.0.9.jar:/Users/matthew.hernandez/.m2/repository/com/jivesoftware/service/common/base/2.0.28.1/base-2.0.28.1.jar:/Users/matthew.hernandez/.m2/repository/com/jivesoftware/service/common/tenancy/1.3.0.6/tenancy-1.3.0.6.jar:/Users/matthew.hernandez/.m2/repository/com/jivesoftware/service/phased-queue/processor/2.0.28.0/processor-2.0.28.0.jar:/Users/matthew.hernandez/.m2/repository/com/jivesoftware/service/phased-queue/phased-queue/2.0.28.0/phased-queue-2.0.28.0.jar:/Users/matthew.hernandez/.m2/repository/com/jivesoftware/service/logging/common/logger/2.0.27.1/logger-2.0.27.1.jar:/Users/matthew.hernandez/.m2/repository/com/jivesoftware/service/phased-queue/guaranteed-delivery/2.0.28.0/guaranteed-delivery-2.0.28.0.jar:/Users/matthew.hernandez/.m2/repository/com/jivesoftware/service/search/query/service-api-search-query-service/2.0.27.3/service-api-search-query-service-2.0.27.3.jar:/Users/matthew.hernandez/.m2/repository/com/jivesoftware/service/search/rebuild/service-api-search-index-rebuild-service/2.0.23.0/service-api-search-index-rebuild-service-2.0.23.0.jar:/Users/matthew.hernandez/.m2/repository/com/jivesoftware/service/search/rebuild/content/service-api-pojo-content-search-index-rebuild-service/2.0.23.0/service-api-pojo-content-search-index-rebuild-service-2.0.23.0.jar:/Users/matthew.hernandez/.m2/repository/com/jivesoftware/service/search/manage/service-api-search-index-manage-service/2.0.24.0/service-api-search-index-manage-service-2.0.24.0.jar:/Users/matthew.hernandez/.m2/repository/com/jivesoftware/service/search/jive-lucene-core/lucene_2.9.3-jive_1.0.0.0/jive-lucene-core-lucene_2.9.3-jive_1.0.0.0.jar:/Users/matthew.hernandez/.m2/repository/com/jivesoftware/service/search/jive-lucene-analyzers/lucene_2.9.3-jive_1.0.0.0/jive-lucene-analyzers-lucene_2.9.3-jive_1.0.0.0.jar:/Users/matthew.hernandez/.m2/repository/com/jivesoftware/service/search/jive-lucene-fast-vector-highlighter/lucene_2.9.3-jive_1.0.0.0/jive-lucene-fast-vector-highlighter-lucene_2.9.3-jive_1.0.0.0.jar:/Users/matthew.hernandez/.m2/repository/com/jivesoftware/service/search/jive-lucene-highlighter/lucene_2.9.3-jive_1.0.0.0/jive-lucene-highlighter-lucene_2.9.3-jive_1.0.0.0.jar:/Users/matthew.hernandez/.m2/repository/com/jivesoftware/service/search/jive-lucene-memory/lucene_2.9.3-jive_1.0.0.0/jive-lucene-memory-lucene_2.9.3-jive_1.0.0.0.jar:/Users/matthew.hernandez/.m2/repository/com/jivesoftware/service/search/jive-lucene-misc/lucene_2.9.3-jive_1.0.0.0/jive-lucene-misc-lucene_2.9.3-jive_1.0.0.0.jar:/Users/matthew.hernandez/.m2/repository/com/jivesoftware/service/search/jive-lucene-queries/lucene_2.9.3-jive_1.0.0.0/jive-lucene-queries-lucene_2.9.3-jive_1.0.0.0.jar:/Users/matthew.hernandez/.m2/repository/com/jivesoftware/service/search/jive-lucene-snowball/lucene_2.9.3-jive_1.0.0.0/jive-lucene-snowball-lucene_2.9.3-jive_1.0.0.0.jar:/Users/matthew.hernandez/.m2/repository/com/jivesoftware/service/search/jive-lucene-spellchecker/lucene_2.9.3-jive_1.0.0.0/jive-lucene-spellchecker-lucene_2.9.3-jive_1.0.0.0.jar:/Users/matthew.hernandez/.m2/repository/com/jivesoftware/service/search/jive-solr-core/solr_1.4.1-jive_1.0.0.0/jive-solr-core-solr_1.4.1-jive_1.0.0.0.jar:/Users/matthew.hernandez/.m2/repository/com/jivesoftware/service/search/jive-solr-solrj/solr_1.4.1-jive_1.0.0.0/jive-solr-solrj-solr_1.4.1-jive_1.0.0.0.jar:/Users/matthew.hernandez/.m2/repository/com/jivesoftware/service/search/http/query/content/content-http-query-service/2.0.29.0/content-http-query-service-2.0.29.0.jar:/Users/matthew.hernandez/.m2/repository/com/jivesoftware/service/search/http/query/base-http-query-service/2.0.29.0/base-http-query-service-2.0.29.0.jar:/Users/matthew.hernandez/.m2/repository/com/jivesoftware/service/search/http/query/content/content-http-query-shared/2.0.29.0/content-http-query-shared-2.0.29.0.jar:/Users/matthew.hernandez/.m2/repository/com/jivesoftware/service/search/http/query/url/url-http-query-service/2.0.29.0/url-http-query-service-2.0.29.0.jar:/Users/matthew.hernandez/.m2/repository/com/jivesoftware/service/search/query/service-api-search-url-query-service/2.0.27.0/service-api-search-url-query-service-2.0.27.0.jar:/Users/matthew.hernandez/.m2/repository/com/jivesoftware/service/search/http/query/url/url-http-query-shared/2.0.29.0/url-http-query-shared-2.0.29.0.jar:/Users/matthew.hernandez/.m2/repository/com/jivesoftware/service/search/http/query/http-query-shared/2.0.29.0/http-query-shared-2.0.29.0.jar:/Users/matthew.hernandez/.m2/repository/com/jivesoftware/service/search/http/rebuild/http-rebuild-service/2.0.29.0/http-rebuild-service-2.0.29.0.jar:/Users/matthew.hernandez/.m2/repository/com/jivesoftware/service/search/http/rebuild/rebuild-marshall/2.0.29.0/rebuild-marshall-2.0.29.0.jar:/Users/matthew.hernandez/.m2/repository/com/jivesoftware/service/search/rebuild/people/service-api-pojo-people-search-index-rebuild-service/2.0.23.0/service-api-pojo-people-search-index-rebuild-service-2.0.23.0.jar:/Users/matthew.hernandez/.m2/repository/com/jivesoftware/service/search/http/rebuild/rebuild-shared/2.0.29.0/rebuild-shared-2.0.29.0.jar:/Users/matthew.hernandez/.m2/repository/com/jivesoftware/service/activity-stream/ingress/service-impl/http-client-activity-stream-ingress/2.0.27.1/http-client-activity-stream-ingress-2.0.27.1.jar:/Users/matthew.hernandez/.m2/repository/com/jivesoftware/service/activity-stream/ingress/http/http-client-activity-stream-ingress-shared/2.0.27.1/http-client-activity-stream-ingress-shared-2.0.27.1.jar:/Users/matthew.hernandez/.m2/repository/com/jivesoftware/service/activity-stream/marshall/service-api-marshall/2.0.22.0/service-api-marshall-2.0.22.0.jar:/Users/matthew.hernandez/.m2/repository/com/jivesoftware/service/search/http/manage/http-manage-service/2.0.29.0/http-manage-service-2.0.29.0.jar:/Users/matthew.hernandez/.m2/repository/com/jivesoftware/service/search/http/manage/manage-shared/2.0.29.0/manage-shared-2.0.29.0.jar:/Users/matthew.hernandez/.m2/repository/com/jivesoftware/service/search/http/shared/http-shared/2.0.29.0/http-shared-2.0.29.0.jar:/Users/matthew.hernandez/.m2/repository/com/jivesoftware/service/common/service-common-http-client/2.0.28.1/service-common-http-client-2.0.28.1.jar:/Users/matthew.hernandez/.m2/repository/oauth/signpost/signpost-core/1.2.1.1/signpost-core-1.2.1.1.jar:/Users/matthew.hernandez/.m2/repository/oauth/signpost/signpost-commonshttp3/1.2.1.1/signpost-commonshttp3-1.2.1.1.jar:/Users/matthew.hernandez/.m2/repository/com/jivesoftware/service/search/text-extract/service-api-text-extract-service/1.0.0.0/service-api-text-extract-service-1.0.0.0.jar:/Users/matthew.hernandez/.m2/repository/com/jivesoftware/service/search/text-extract/service-impl/file-caching-text-extract-service/1.0.0.0/file-caching-text-extract-service-1.0.0.0.jar:/Users/matthew.hernandez/.m2/repository/com/jivesoftware/service/client/service-client-provider-api/2.0.29.1/service-client-provider-api-2.0.29.1.jar:/Users/matthew.hernandez/.m2/repository/com/jivesoftware/service/directory/service-directory-api/2.0.29.1/service-directory-api-2.0.29.1.jar:/Users/matthew.hernandez/.m2/repository/com/jivesoftware/service/directory/service-directory-http-client/2.0.29.1/service-directory-http-client-2.0.29.1.jar:/Users/matthew.hernandez/.m2/repository/com/jivesoftware/service/tenancy/service/tenancy-services-constants/2.0.29.1/tenancy-services-constants-2.0.29.1.jar:/Users/matthew.hernandez/.m2/repository/com/jivesoftware/service/tenancy/provider/tenancy-registry-api/2.0.29.1/tenancy-registry-api-2.0.29.1.jar:/Users/matthew.hernandez/.m2/repository/com/jivesoftware/service/tenancy/provider/tenancy-registry-http-client/2.0.29.1/tenancy-registry-http-client-2.0.29.1.jar:/Users/matthew.hernandez/.m2/repository/com/jivesoftware/service/tenant/service-tenant/2.0.29.1/service-tenant-2.0.29.1.jar:/Users/matthew.hernandez/.m2/repository/com/jivesoftware/jive-encryption/1.0.0.1/jive-encryption-1.0.0.1.jar:/Users/matthew.hernandez/.m2/repository/com/jivesoftware/service/tenancy/service/directory/service-directory-http-pojo/2.0.29.1/service-directory-http-pojo-2.0.29.1.jar:/Users/matthew.hernandez/.m2/repository/com/jivesoftware/service/tenancy/registry/tenancy-registry-http-pojo/2.0.29.1/tenancy-registry-http-pojo-2.0.29.1.jar:/Users/matthew.hernandez/.m2/repository/com/jivesoftware/service/logging/http/durable-http-logger/2.0.29.0/durable-http-logger-2.0.29.0.jar:/Users/matthew.hernandez/.m2/repository/com/jivesoftware/service/logging/http/durable-http-logger-api/2.0.29.0/durable-http-logger-api-2.0.29.0.jar:/Users/matthew.hernandez/.m2/repository/org/xerial/snappy/snappy-java/1.0.4.1/snappy-java-1.0.4.1.jar:/Users/matthew.hernandez/.m2/repository/org/jivesoftware/smack/smackx/3.0.4/smackx-3.0.4.jar:/Users/matthew.hernandez/.m2/repository/org/apache/activemq/activeio-core/3.0.0-incubator/activeio-core-3.0.0-incubator.jar:/Users/matthew.hernandez/.m2/repository/com/jivesoftware/activemq-ra/5.2.0-4.0.0/activemq-ra-5.2.0-4.0.0.jar:/Users/matthew.hernandez/.m2/repository/antlr/antlr/2.7.6/antlr-2.7.6.jar:/Users/matthew.hernandez/.m2/repository/aopalliance/aopalliance/1.0/aopalliance-1.0.jar:/Users/matthew.hernandez/.m2/repository/com/jivesoftware/apache-jspf/0.9.6-4.0.0/apache-jspf-0.9.6-4.0.0.jar:/Users/matthew.hernandez/.m2/repository/com/jivesoftware/apache-mime4j/0.6-4.0.0/apache-mime4j-0.6-4.0.0.jar:/Users/matthew.hernandez/.m2/repository/org/apache/ws/commons/axiom/axiom-api/1.2.7/axiom-api-1.2.7.jar:/Users/matthew.hernandez/.m2/repository/org/apache/ws/commons/axiom/axiom-impl/1.2.7/axiom-impl-1.2.7.jar:/Users/matthew.hernandez/.m2/repository/org/bouncycastle/bcmail-jdk16/1.46/bcmail-jdk16-1.46.jar:/Users/matthew.hernandez/.m2/repository/com/jivesoftware/bootstrapconnector/svn85553-4.0.0/bootstrapconnector-svn85553-4.0.0.jar:/Users/matthew.hernandez/.m2/repository/cglib/cglib-nodep/2.2.2-Jive1/cglib-nodep-2.2.2-Jive1.jar:/Users/matthew.hernandez/.m2/repository/com/jivesoftware/cloud-communication/1.0_2_0_0_rc1/cloud-communication-1.0_2_0_0_rc1.jar:/Users/matthew.hernandez/.m2/repository/commons-betwixt/commons-betwixt/0.8/commons-betwixt-0.8.jar:/Users/matthew.hernandez/.m2/repository/commons-cli/commons-cli/1.0/commons-cli-1.0.jar:/Users/matthew.hernandez/.m2/repository/com/jivesoftware/commons-csv-1.0-SNAPSHOT/r609327-6.0.0.0/commons-csv-1.0-SNAPSHOT-r609327-6.0.0.0.jar:/Users/matthew.hernandez/.m2/repository/commons-dbcp/commons-dbcp/1.2.1/commons-dbcp-1.2.1.jar:/Users/matthew.hernandez/.m2/repository/commons-digester/commons-digester/1.7/commons-digester-1.7.jar:/Users/matthew.hernandez/.m2/repository/commons-discovery/commons-discovery/0.2/commons-discovery-0.2.jar:/Users/matthew.hernandez/.m2/repository/commons-logging/commons-logging/1.1.1/commons-logging-1.1.1.jar:/Users/matthew.hernandez/.m2/repository/commons-net/commons-net/1.4.0/commons-net-1.4.0.jar:/Users/matthew.hernandez/.m2/repository/com/jivesoftware/connector-api/1.0-4.0.0/connector-api-1.0-4.0.0.jar:/Users/matthew.hernandez/.m2/repository/org/apache/derby/derby/10.2.2.0/derby-10.2.2.0.jar:/Users/matthew.hernandez/.m2/repository/com/jivesoftware/emoticons/1.0-3.0.1/emoticons-1.0-3.0.1.jar:/Users/matthew.hernandez/.m2/repository/org/owasp/esapi/esapi/2.0GA/esapi-2.0GA.jar:/Users/matthew.hernandez/.m2/repository/commons-configuration/commons-configuration/1.5/commons-configuration-1.5.jar:/Users/matthew.hernandez/.m2/repository/org/beanshell/bsh-core/2.0b4/bsh-core-2.0b4.jar:/Users/matthew.hernandez/.m2/repository/org/owasp/antisamy/antisamy/1.4.3/antisamy-1.4.3.jar:/Users/matthew.hernandez/.m2/repository/com/sun/xml/fastinfoset/FastInfoset/1.2.3/FastInfoset-1.2.3.jar:/Users/matthew.hernandez/.m2/repository/org/apache/pdfbox/fontbox/1.6.0/fontbox-1.6.0.jar:/Users/matthew.hernandez/.m2/repository/org/apache/geronimo/specs/geronimo-activation_1.1_spec/1.0.2/geronimo-activation_1.1_spec-1.0.2.jar:/Users/matthew.hernandez/.m2/repository/org/apache/geronimo/specs/geronimo-annotation_1.0_spec/1.1/geronimo-annotation_1.0_spec-1.1.jar:/Users/matthew.hernandez/.m2/repository/org/apache/geronimo/components/geronimo-connector/2.0.1/geronimo-connector-2.0.1.jar:/Users/matthew.hernandez/.m2/repository/org/apache/geronimo/specs/geronimo-jpa_3.0_spec/1.0/geronimo-jpa_3.0_spec-1.0.jar:/Users/matthew.hernandez/.m2/repository/org/apache/geronimo/components/geronimo-transaction/2.0.1/geronimo-transaction-2.0.1.jar:/Users/matthew.hernandez/.m2/repository/com/google/guava/guava/r09/guava-r09.jar:/Users/matthew.hernandez/.m2/repository/com/google/inject/extensions/guice-assistedinject/3.0/guice-assistedinject-3.0.jar:/Users/matthew.hernandez/.m2/repository/com/google/inject/extensions/guice-jmx/3.0/guice-jmx-3.0.jar:/Users/matthew.hernandez/.m2/repository/com/jivesoftware/hessian/3.2.0-3.0.0/hessian-3.2.0-3.0.0.jar:/Users/matthew.hernandez/.m2/repository/com/jivesoftware/hsqldb/1.0_2_0_0_rc1/hsqldb-1.0_2_0_0_rc1.jar:/Users/matthew.hernandez/.m2/repository/com/ibm/icu/icu4j/3.8/icu4j-3.8.jar:/Users/matthew.hernandez/.m2/repository/com/jivesoftware/javassist/3.13.0-6.0.0.0/javassist-3.13.0-6.0.0.0.jar:/Users/matthew.hernandez/.m2/repository/com/jivesoftware/java-xmlbuilder/1-4.0.0/java-xmlbuilder-1-4.0.0.jar:/Users/matthew.hernandez/.m2/repository/com/sun/xml/bind/jaxb-impl/2.1.9/jaxb-impl-2.1.9.jar:/Users/matthew.hernandez/.m2/repository/com/jivesoftware/jclf-3.0b/2-4.0.0/jclf-3.0b-2-4.0.0.jar:/Users/matthew.hernandez/.m2/repository/com/jivesoftware/jcommon/1.0.5/jcommon-1.0.5.jar:/Users/matthew.hernandez/.m2/repository/com/jivesoftware/jdcd/1.0.0-4.0.0/jdcd-1.0.0-4.0.0.jar:/Users/matthew.hernandez/.m2/repository/org/apache/pdfbox/jempbox/1.6.0/jempbox-1.6.0.jar:/Users/matthew.hernandez/.m2/repository/com/jivesoftware/jencks-2.2/1.0-4.0.0/jencks-2.2-1.0-4.0.0.jar:/Users/matthew.hernandez/.m2/repository/net/java/dev/jets3t/jets3t/0.7.1/jets3t-0.7.1.jar:/Users/matthew.hernandez/.m2/repository/com/jivesoftware/jive_jsh/1.0-4.5.0/jive_jsh-1.0-4.5.0.jar:/Users/matthew.hernandez/.m2/repository/com/jivesoftware/joosd/1.0.0-4.0.0/joosd-1.0.0-4.0.0.jar:/Users/matthew.hernandez/.m2/repository/com/jivesoftware/jpedal/3.8.5b15-4.5.5.0/jpedal-3.8.5b15-4.5.5.0.jar:/Users/matthew.hernandez/.m2/repository/org/codehaus/jra/jra/1.0-alpha-4/jra-1.0-alpha-4.jar:/Users/matthew.hernandez/.m2/repository/org/jsecurity/jsecurity/0.9.0/jsecurity-0.9.0.jar:/Users/matthew.hernandez/.m2/repository/com/jivesoftware/jsonplugin/0.32-4.0.0/jsonplugin-0.32-4.0.0.jar:/Users/matthew.hernandez/.m2/repository/com/googlecode/json-simple/json-simple/1.1/json-simple-1.1.jar:/Users/matthew.hernandez/.m2/repository/javax/servlet/jstl/1.2/jstl-1.2.jar:/Users/matthew.hernandez/.m2/repository/de/odysseus/juel/juel-impl/2.1.2/juel-impl-2.1.2.jar:/Users/matthew.hernandez/.m2/repository/com/jivesoftware/juh/2.2.1-4.0.0/juh-2.2.1-4.0.0.jar:/Users/matthew.hernandez/.m2/repository/com/jivesoftware/jurt/2.2.1-4.0.0/jurt-2.2.1-4.0.0.jar:/Users/matthew.hernandez/.m2/repository/com/jivesoftware/mina-core/1.1.7-4.0.0/mina-core-1.1.7-4.0.0.jar:/Users/matthew.hernandez/.m2/repository/com/jivesoftware/mina-filter-ssl/1.1.7-4.0.0/mina-filter-ssl-1.1.7-4.0.0.jar:/Users/matthew.hernandez/.m2/repository/com/jivesoftware/mina-integration-jmx/1.1.7-4.0.0/mina-integration-jmx-1.1.7-4.0.0.jar:/Users/matthew.hernandez/.m2/repository/org/mvel/mvel2/2.0.17/mvel2-2.0.17.jar:/Users/matthew.hernandez/.m2/repository/org/apache/neethi/neethi/2.0.4/neethi-2.0.4.jar:/Users/matthew.hernandez/.m2/repository/net/sourceforge/nekohtml/nekohtml/1.9.13/nekohtml-1.9.13.jar:/Users/matthew.hernandez/.m2/repository/net/oauth/core/oauth-consumer/20090531/oauth-consumer-20090531.jar:/Users/matthew.hernandez/.m2/repository/net/oauth/core/oauth-httpclient3/20090531/oauth-httpclient3-20090531.jar:/Users/matthew.hernandez/.m2/repository/net/oauth/core/oauth-provider/20090531/oauth-provider-20090531.jar:/Users/matthew.hernandez/.m2/repository/org/opends/je/2.2.0/je-2.2.0.jar:/Users/matthew.hernandez/.m2/repository/com/jivesoftware/openrdf-sesame-onejar-osgi/2.1.1-3.0.0/openrdf-sesame-onejar-osgi-2.1.1-3.0.0.jar:/Users/matthew.hernandez/.m2/repository/org/springframework/spring-asm/3.0.3.RELEASE/spring-asm-3.0.3.RELEASE.jar:/Users/matthew.hernandez/.m2/repository/org/springframework/spring-context-support/3.0.3.RELEASE/spring-context-support-3.0.3.RELEASE.jar:/Users/matthew.hernandez/.m2/repository/org/springframework/spring-expression/3.0.3.RELEASE/spring-expression-3.0.3.RELEASE.jar:/Users/matthew.hernandez/.m2/repository/org/springframework/spring-instrument/3.0.3.RELEASE/spring-instrument-3.0.3.RELEASE.jar:/Users/matthew.hernandez/.m2/repository/org/springframework/spring-instrument-tomcat/3.0.3.RELEASE/spring-instrument-tomcat-3.0.3.RELEASE.jar:/Users/matthew.hernandez/.m2/repository/org/springframework/spring-jms/3.0.3.RELEASE/spring-jms-3.0.3.RELEASE.jar:/Users/matthew.hernandez/.m2/repository/org/springframework/spring-struts/3.0.3.RELEASE/spring-struts-3.0.3.RELEASE.jar:/Users/matthew.hernandez/.m2/repository/com/jivesoftware/PngEncoder/1.0-J/PngEncoder-1.0-J.jar:/Users/matthew.hernandez/.m2/repository/com/jivesoftware/poi-contrib/3.6-99235-4.5.0/poi-contrib-3.6-99235-4.5.0.jar:/Users/matthew.hernandez/.m2/repository/com/jivesoftware/poi-ooxml-schemas/3.6-4.5.0/poi-ooxml-schemas-3.6-4.5.0.jar:/Users/matthew.hernandez/.m2/repository/com/google/protobuf/protobuf-java/2.2.0/protobuf-java-2.2.0.jar:/Users/matthew.hernandez/.m2/repository/qdox/qdox/1.6.1/qdox-1.6.1.jar:/Users/matthew.hernandez/.m2/repository/com/jivesoftware/quartz/1.8.4-4.5.6.0/quartz-1.8.4-4.5.6.0.jar:/Users/matthew.hernandez/.m2/repository/com/jivesoftware/rdf2go.impl.base/4.6.2-3.0.0/rdf2go.impl.base-4.6.2-3.0.0.jar:/Users/matthew.hernandez/.m2/repository/com/jivesoftware/rdf2go.impl.sesame/20-3.0.0/rdf2go.impl.sesame-20-3.0.0.jar:/Users/matthew.hernandez/.m2/repository/com/jivesoftware/rdf2go.impl.util/4.6.2-3.0.0/rdf2go.impl.util-4.6.2-3.0.0.jar:/Users/matthew.hernandez/.m2/repository/xml-resolver/xml-resolver/1.2/xml-resolver-1.2.jar:/Users/matthew.hernandez/.m2/repository/com/jivesoftware/ridl/2.2.1-4.0.0/ridl-2.2.1-4.0.0.jar:/Users/matthew.hernandez/.m2/repository/org/rifers/rife-continuations/0.0.1/rife-continuations-0.0.1.jar:/Users/matthew.hernandez/.m2/repository/org/apache/sanselan/sanselan/0.97-incubator/sanselan-0.97-incubator.jar:/Users/matthew.hernandez/.m2/repository/com/jivesoftware/shindig-extras/3.0.0-6.0.0.0/shindig-extras-3.0.0-6.0.0.0.jar:/Users/matthew.hernandez/.m2/repository/com/jivesoftware/shindig-features/2.0.0-6.0.0.0/shindig-features-2.0.0-6.0.0.0.jar:/Users/matthew.hernandez/.m2/repository/org/slf4j/slf4j-log4j12/1.6.2/slf4j-log4j12-1.6.2.jar:/Users/matthew.hernandez/.m2/repository/com/jivesoftware/smjavaagentapi/1.0-J/smjavaagentapi-1.0-J.jar:/Users/matthew.hernandez/.m2/repository/org/springframework/security/spring-security-config/3.0.5.RELEASE/spring-security-config-3.0.5.RELEASE.jar:/Users/matthew.hernandez/.m2/repository/net/java/dev/stax-utils/stax-utils/20040917/stax-utils-20040917.jar:/Users/matthew.hernandez/.m2/repository/com/jivesoftware/struts2-config-browser-plugin/2.0.14-2.5.6/struts2-config-browser-plugin-2.0.14-2.5.6.jar:/Users/matthew.hernandez/.m2/repository/com/jivesoftware/struts2-jfreechart-plugin/2.0.14-2.5.6/struts2-jfreechart-plugin-2.0.14-2.5.6.jar:/Users/matthew.hernandez/.m2/repository/com/jivesoftware/struts2-sitemesh-plugin/2.0.14-2.5.6/struts2-sitemesh-plugin-2.0.14-2.5.6.jar:/Users/matthew.hernandez/.m2/repository/com/jivesoftware/struts2-spring-plugin/2.0.14-2.5.6/struts2-spring-plugin-2.0.14-2.5.6.jar:/Users/matthew.hernandez/.m2/repository/com/sun/xml/messaging/saaj/saaj-impl/1.3/saaj-impl-1.3.jar:/Users/matthew.hernandez/.m2/repository/com/jivesoftware/unoil/2.2.1-4.0.0/unoil-2.2.1-4.0.0.jar:/Users/matthew.hernandez/.m2/repository/org/apache/velocity/velocity-tools/2.0/velocity-tools-2.0.jar:/Users/matthew.hernandez/.m2/repository/org/apache/ws/commons/ws-commons-util/1.0.1/ws-commons-util-1.0.1.jar:/Users/matthew.hernandez/.m2/repository/wsdl4j/wsdl4j/1.6.2/wsdl4j-1.6.2.jar:/Users/matthew.hernandez/.m2/repository/org/codehaus/woodstox/wstx-asl/3.2.9/wstx-asl-3.2.9.jar:/Users/matthew.hernandez/.m2/repository/org/apache/xbean/xbean-spring/3.3/xbean-spring-3.3.jar:/Users/matthew.hernandez/.m2/repository/org/apache/xmlgraphics/xmlgraphics-commons/1.3/xmlgraphics-commons-1.3.jar:/Users/matthew.hernandez/.m2/repository/org/apache/ws/commons/schema/XmlSchema/1.4.5/XmlSchema-1.4.5.jar:/Users/matthew.hernandez/.m2/repository/org/apache/santuario/xmlsec/1.4.3/xmlsec-1.4.3.jar:/Users/matthew.hernandez/.m2/repository/xpp3/xpp3/1.1.3.4/xpp3-1.1.3.4.jar:/Users/matthew.hernandez/.m2/repository/xpp3/xpp3_xpath/1.1.3.4/xpp3_xpath-1.1.3.4.jar:/Users/matthew.hernandez/.m2/repository/com/jivesoftware/proxool-cglib/1.0-3.0.0/proxool-cglib-1.0-3.0.0.jar:/Users/matthew.hernandez/.m2/repository/com/jivesoftware/caja-htmlparser/2.0.0.4135-5.0.0.0/caja-htmlparser-2.0.0.4135-5.0.0.0.jar:/Users/matthew.hernandez/.m2/repository/com/jivesoftware/cloud-trust/1.0-2.5.0.rc/cloud-trust-1.0-2.5.0.rc.jar:/Users/matthew.hernandez/.m2/repository/com/jivesoftware/chart/1.0-J/chart-1.0-J.jar:/Users/matthew.hernandez/.m2/repository/axis/axis/1.4/axis-1.4.jar:/Users/matthew.hernandez/.m2/repository/org/apache/xerces/xercesImpl/2.9.1/xercesImpl-2.9.1.jar:/Users/matthew.hernandez/.m2/repository/com/jivesoftware/batik/1.7+r608262-2.5.0.rc/batik-1.7+r608262-2.5.0.rc.jar:/Users/matthew.hernandez/.m2/repository/com/jivesoftware/font/1.0-2.5.0.rc/font-1.0-2.5.0.rc.jar:/Users/matthew.hernandez/.m2/repository/org/apache/xerces/serializer/2.9.1/serializer-2.9.1.jar:/Users/matthew.hernandez/.m2/repository/com/jivesoftware/antivirus/1.0-2.5.0.rc/antivirus-1.0-2.5.0.rc.jar:/Users/matthew.hernandez/.m2/repository/com/jivesoftware/jive-eos-s3/1.1.114788-5.0.0/jive-eos-s3-1.1.114788-5.0.0.jar:/Users/matthew.hernandez/.m2/repository/javax/servlet/servlet-api/2.5/servlet-api-2.5.jar:/Users/matthew.hernandez/.m2/repository/org/springframework/spring-aspects/3.0.3.RELEASE/spring-aspects-3.0.3.RELEASE.jar:/Users/matthew.hernandez/.m2/repository/junit/junit/4.8/junit-4.8.jar:/Users/matthew.hernandez/.m2/repository/org/objenesis/objenesis/1.2/objenesis-1.2.jar:/Users/matthew.hernandez/.m2/repository/cglib/cglib/2.2/cglib-2.2.jar:/Users/matthew.hernandez/.m2/repository/asm/asm/3.1/asm-3.1.jar:/Users/matthew.hernandez/.m2/repository/org/powermock/powermock-module-junit4/1.4.8/powermock-module-junit4-1.4.8.jar:/Users/matthew.hernandez/.m2/repository/org/powermock/powermock-module-junit4-common/1.4.8/powermock-module-junit4-common-1.4.8.jar:/Users/matthew.hernandez/.m2/repository/org/powermock/powermock-core/1.4.8/powermock-core-1.4.8.jar:/Users/matthew.hernandez/.m2/repository/org/javassist/javassist/3.14.0-GA/javassist-3.14.0-GA.jar:/Users/matthew.hernandez/.m2/repository/org/powermock/powermock-reflect/1.4.8/powermock-reflect-1.4.8.jar:/Users/matthew.hernandez/.m2/repository/org/powermock/powermock-api-mockito/1.4.8/powermock-api-mockito-1.4.8.jar:/Users/matthew.hernandez/.m2/repository/org/powermock/powermock-api-support/1.4.8/powermock-api-support-1.4.8.jar:/Users/matthew.hernandez/.m2/repository/org/mockito/mockito-all/1.8.5/mockito-all-1.8.5.jar:/Users/matthew.hernandez/.m2/repository/org/dbunit/dbunit/2.4.3/dbunit-2.4.3.jar:/Users/matthew.hernandez/.m2/repository/org/slf4j/slf4j-api/1.5.6/slf4j-api-1.5.6.jar:/Users/matthew.hernandez/.m2/repository/org/springframework/spring-test/3.0.3.RELEASE/spring-test-3.0.3.RELEASE.jar:/Users/matthew.hernandez/.m2/repository/org/mortbay/jetty/jetty/6.1.8/jetty-6.1.8.jar:/Users/matthew.hernandez/.m2/repository/org/mortbay/jetty/jetty-util/6.1.8/jetty-util-6.1.8.jar:/Users/matthew.hernandez/.m2/repository/org/mortbay/jetty/servlet-api-2.5/6.1.8/servlet-api-2.5-6.1.8.jar:/Users/matthew.hernandez/.m2/repository/emma/emma/2.1.5320/emma-2.1.5320.jar:/Users/matthew.hernandez/.m2/repository/com/jivesoftware/core-test-base/6.0.0.1/core-test-base-6.0.0.1.jar:/Users/matthew.hernandez/.m2/repository/com/jivesoftware/testdata/ldap/1.0/ldap-1.0.jar:/Users/matthew.hernandez/.m2/repository/com/jivesoftware/util/test/jive-test-util/1.0/jive-test-util-1.0.jar:/Users/matthew.hernandez/.m2/repository/junit-addons/junit-addons/1.4/junit-addons-1.4.jar:/Users/matthew.hernandez/.m2/repository/org/mockito/mockito-core/1.8.5/mockito-core-1.8.5.jar:/Users/matthew.hernandez/.m2/repository/com/jivesoftware/dirty-mockito/dirty-mockito/0.4.1-20111222/dirty-mockito-0.4.1-20111222.jar:/Users/matthew.hernandez/.m2/repository/org/springframework/spring-orm/3.0.5.RELEASE/spring-orm-3.0.5.RELEASE.jar:/Users/matthew.hernandez/.m2/repository/mockobjects/mockobjects-core/0.09/mockobjects-core-0.09.jar:/Users/matthew.hernandez/.m2/repository/mockobjects/mockobjects-jdk1.4-j2ee1.3/0.09/mockobjects-jdk1.4-j2ee1.3-0.09.jar:/Users/matthew.hernandez/.m2/repository/org/easymock/easymock/2.3/easymock-2.3.jar:/Users/matthew.hernandez/.m2/repository/com/jivesoftware/jmock/20111111/jmock-20111111.jar:/Users/matthew.hernandez/.m2/repository/com/jivesoftware/hamcrest-core/20111111/hamcrest-core-20111111.jar:/Users/matthew.hernandez/.m2/repository/com/jivesoftware/hamcrest-library/20111111/hamcrest-library-20111111.jar:/Users/matthew.hernandez/.m2/repository/com/jivesoftware/jive-common-testutil/1.0.0.3/jive-common-testutil-1.0.0.3.jar:/Users/matthew.hernandez/.m2/repository/postgresql/postgresql/9.0-801.jdbc4/postgresql-9.0-801.jdbc4.jar:/Users/matthew.hernandez/.m2/repository/org/hamcrest/hamcrest-library/1.2/hamcrest-library-1.2.jar:/Users/matthew.hernandez/.m2/repository/org/hamcrest/hamcrest-core/1.2/hamcrest-core-1.2.jar:"/>
    <property name="java.specification.name" value="Java Platform API Specification"/>
    <property name="java.class.version" value="50.0"/>
    <property name="sun.management.compiler" value="HotSpot 64-Bit Tiered Compilers"/>
    <property name="os.version" value="10.7.5"/>
    <property name="http.nonProxyHosts" value="local|*.local|169.254/16|*.169.254/16"/>
    <property name="user.home" value="/Users/matthew.hernandez"/>
    <property name="user.timezone" value="America/Los_Angeles"/>
    <property name="java.awt.printerjob" value="apple.awt.CPrinterJob"/>
    <property name="java.specification.version" value="1.6"/>
    <property name="file.encoding" value="MacRoman"/>
    <property name="user.name" value="matthew.hernandez"/>
    <property name="java.class.path" value="/Users/matthew.hernandez/jive/sbs/betterbookmarks/target/test-classes:/Users/matthew.hernandez/jive/sbs/betterbookmarks/target/classes:/Users/matthew.hernandez/.m2/repository/com/jivesoftware/jive-core/6.0.0.1/jive-core-6.0.0.1.jar:/Users/matthew.hernandez/.m2/repository/com/jivesoftware/corev3-doclet/6.0.0.1/corev3-doclet-6.0.0.1.jar:/System/Library/Java/JavaVirtualMachines/1.6.0.jdk/Contents/Home/../Classes/classes.jar:/Users/matthew.hernandez/.m2/repository/com/jivesoftware/license/jive-license/3.0.24/jive-license-3.0.24.jar:/Users/matthew.hernandez/.m2/repository/com/jivesoftware/jive-cache-voldemort/6.0.0.1/jive-cache-voldemort-6.0.0.1.jar:/Users/matthew.hernandez/.m2/repository/com/jivesoftware/jive-cache-core/6.0.0.1/jive-cache-core-6.0.0.1.jar:/Users/matthew.hernandez/.m2/repository/com/jivesoftware/cxf/2.2.11-jive/cxf-2.2.11-jive.jar:/Users/matthew.hernandez/.m2/repository/org/jivesoftware/smack/smack/3.0.4/smack-3.0.4.jar:/Users/matthew.hernandez/.m2/repository/javax/activation/activation/1.1/activation-1.1.jar:/Users/matthew.hernandez/.m2/repository/org/apache/activemq/activemq-all/5.2.0/activemq-all-5.2.0.jar:/Users/matthew.hernandez/.m2/repository/com/jivesoftware/akismet-java/1.0-J/akismet-java-1.0-J.jar:/Users/matthew.hernandez/.m2/repository/com/jivesoftware/aperture/1.1.0-beta-3.0.0/aperture-1.1.0-beta-3.0.0.jar:/Users/matthew.hernandez/.m2/repository/org/aspectj/aspectjrt/1.6.9/aspectjrt-1.6.9.jar:/Users/matthew.hernandez/.m2/repository/com/jivesoftware/avalon/4.2.0/avalon-4.2.0.jar:/Users/matthew.hernandez/.m2/repository/org/bouncycastle/bcprov-jdk16/1.46/bcprov-jdk16-1.46.jar:/Users/matthew.hernandez/.m2/repository/com/jivesoftware/bsf/1.0-J/bsf-1.0-J.jar:/Users/matthew.hernandez/.m2/repository/com/jivesoftware/closure-compiler/20110811-6.0.0.0/closure-compiler-20110811-6.0.0.0.jar:/Users/matthew.hernandez/.m2/repository/com/jivesoftware/service/common/service-constants/2.0.28.1/service-constants-2.0.28.1.jar:/Users/matthew.hernandez/.m2/repository/commons-beanutils/commons-beanutils/1.7.0/commons-beanutils-1.7.0.jar:/Users/matthew.hernandez/.m2/repository/commons-codec/commons-codec/1.4/commons-codec-1.4.jar:/Users/matthew.hernandez/.m2/repository/commons-collections/commons-collections/3.2.1/commons-collections-3.2.1.jar:/Users/matthew.hernandez/.m2/repository/com/jivesoftware/commons-fileupload/1.2.1-2.5.4/commons-fileupload-1.2.1-2.5.4.jar:/Users/matthew.hernandez/.m2/repository/commons-httpclient/commons-httpclient/3.1/commons-httpclient-3.1.jar:/Users/matthew.hernandez/.m2/repository/commons-io/commons-io/1.4/commons-io-1.4.jar:/Users/matthew.hernandez/.m2/repository/commons-lang/commons-lang/2.4/commons-lang-2.4.jar:/Users/matthew.hernandez/.m2/repository/org/apache/commons/commons-math/2.2/commons-math-2.2.jar:/Users/matthew.hernandez/.m2/repository/org/apache/velocity/velocity/1.5/velocity-1.5.jar:/Users/matthew.hernandez/.m2/repository/oro/oro/2.0.8/oro-2.0.8.jar:/Users/matthew.hernandez/.m2/repository/com/jivesoftware/commons-pool/1.5.6-5.0.0.0/commons-pool-1.5.6-5.0.0.0.jar:/Users/matthew.hernandez/.m2/repository/com/jivesoftware/css4j/0.10-4.0.0/css4j-0.10-4.0.0.jar:/Users/matthew.hernandez/.m2/repository/net/sourceforge/cssparser/cssparser/0.9.5/cssparser-0.9.5.jar:/Users/matthew.hernandez/.m2/repository/org/w3c/css/sac/1.3/sac-1.3.jar:/Users/matthew.hernandez/.m2/repository/com/jivesoftware/daisydiff/1.0-3.0.5/daisydiff-1.0-3.0.5.jar:/Users/matthew.hernandez/.m2/repository/dom4j/dom4j/1.6.1/dom4j-1.6.1.jar:/Users/matthew.hernandez/.m2/repository/com/jivesoftware/dwr/2.0.5-2.5.6/dwr-2.0.5-2.5.6.jar:/Users/matthew.hernandez/.m2/repository/eae/shared/eae-constants/3.1.0.6/eae-constants-3.1.0.6.jar:/Users/matthew.hernandez/.m2/repository/com/jivesoftware/eae-journal/1.1.0.1-5.0.0.0/eae-journal-1.1.0.1-5.0.0.0.jar:/Users/matthew.hernandez/.m2/repository/eae/core/eae-service-client/3.2.0.6/eae-service-client-3.2.0.6.jar:/Users/matthew.hernandez/.m2/repository/com/jivesoftware/service/common/logger/1.3.0.6/logger-1.3.0.6.jar:/Users/matthew.hernandez/.m2/repository/com/jivesoftware/service/marshall/marshall/2.0.27.1/marshall-2.0.27.1.jar:/Users/matthew.hernandez/.m2/repository/com/colt/nicity-core/1.1/nicity-core-1.1.jar:/Users/matthew.hernandez/.m2/repository/eae/core/eae-service-thrift/3.0.1.0/eae-service-thrift-3.0.1.0.jar:/Users/matthew.hernandez/.m2/repository/com/jivesoftware/service/property/typed-property-map/2.0.27.0/typed-property-map-2.0.27.0.jar:/Users/matthew.hernandez/.m2/repository/com/jivesoftware/jive-common-base/1.0.0.11/jive-common-base-1.0.0.11.jar:/Users/matthew.hernandez/.m2/repository/com/sun/jmx/jmxri/1.2.1/jmxri-1.2.1.jar:/Users/matthew.hernandez/.m2/repository/com/jivesoftware/service/common/uuid/2.0.28.1/uuid-2.0.28.1.jar:/Users/matthew.hernandez/.m2/repository/com/jivesoftware/ezmorph/0.8.1/ezmorph-0.8.1.jar:/Users/matthew.hernandez/.m2/repository/org/apache/xmlgraphics/fop/0.95beta-1/fop-0.95beta-1.jar:/Users/matthew.hernandez/.m2/repository/com/jivesoftware/freemarker/2.3.15-4.0.0/freemarker-2.3.15-4.0.0.jar:/Users/matthew.hernandez/.m2/repository/com/jivesoftware/google-closure-custom/2-6.0.0.0/google-closure-custom-2-6.0.0.0.jar:/Users/matthew.hernandez/.m2/repository/com/jivesoftware/gson/1.5-5.0.0.0/gson-1.5-5.0.0.0.jar:/Users/matthew.hernandez/.m2/repository/com/google/inject/guice/3.0/guice-3.0.jar:/Users/matthew.hernandez/.m2/repository/javax/inject/javax.inject/1/javax.inject-1.jar:/Users/matthew.hernandez/.m2/repository/com/google/inject/extensions/guice-multibindings/3.0/guice-multibindings-3.0.jar:/Users/matthew.hernandez/.m2/repository/com/google/inject/extensions/guice-spring/3.0/guice-spring-3.0.jar:/Users/matthew.hernandez/.m2/repository/com/jivesoftware/htmlcleaner/2.2-5.0.1.0/htmlcleaner-2.2-5.0.1.0.jar:/Users/matthew.hernandez/.m2/repository/org/codehaus/jackson/jackson-core-asl/1.6.1/jackson-core-asl-1.6.1.jar:/Users/matthew.hernandez/.m2/repository/org/codehaus/jackson/jackson-jaxrs/1.6.1/jackson-jaxrs-1.6.1.jar:/Users/matthew.hernandez/.m2/repository/org/codehaus/jackson/jackson-mapper-asl/1.6.1/jackson-mapper-asl-1.6.1.jar:/Users/matthew.hernandez/.m2/repository/org/codehaus/jackson/jackson-xc/1.6.1/jackson-xc-1.6.1.jar:/Users/matthew.hernandez/.m2/repository/com/jivesoftware/jai_codec/1.1.3-3.0.0/jai_codec-1.1.3-3.0.0.jar:/Users/matthew.hernandez/.m2/repository/com/jivesoftware/jai_core/1.1.3-3.0.0/jai_core-1.1.3-3.0.0.jar:/Users/matthew.hernandez/.m2/repository/javax/mail/mail/1.4/mail-1.4.jar:/Users/matthew.hernandez/.m2/repository/com/jivesoftware/javamail_providers/1.3.3/javamail_providers-1.3.3.jar:/Users/matthew.hernandez/.m2/repository/jaxen/jaxen/1.1-beta-9/jaxen-1.1-beta-9.jar:/Users/matthew.hernandez/.m2/repository/org/apache/axis/axis-jaxrpc/1.4/axis-jaxrpc-1.4.jar:/Users/matthew.hernandez/.m2/repository/com/jivesoftware/jchardet/1.1-3.0.1/jchardet-1.1-3.0.1.jar:/Users/matthew.hernandez/.m2/repository/jdom/jdom/1.0/jdom-1.0.jar:/Users/matthew.hernandez/.m2/repository/org/codehaus/jettison/jettison/1.2/jettison-1.2.jar:/Users/matthew.hernandez/.m2/repository/com/jivesoftware/cloud/services/jive-cloud-services-api/0.2.29/jive-cloud-services-api-0.2.29.jar:/Users/matthew.hernandez/.m2/repository/net/oauth/core/oauth-httpclient4/20090913/oauth-httpclient4-20090913.jar:/Users/matthew.hernandez/.m2/repository/com/jivesoftware/jive-clustering-jgroups/1.1/jive-clustering-jgroups-1.1.jar:/Users/matthew.hernandez/.m2/repository/com/jivesoftware/jive-clustering/1.1/jive-clustering-1.1.jar:/Users/matthew.hernandez/.m2/repository/com/jivesoftware/jgroups-core/2.10.0-6.0.0.0/jgroups-core-2.10.0-6.0.0.0.jar:/Users/matthew.hernandez/.m2/repository/com/jivesoftware/kryo/1.1-6.0.0.0/kryo-1.1-6.0.0.0.jar:/Users/matthew.hernandez/.m2/repository/com/jivesoftware/asm/3.2-4.5.0/asm-3.2-4.5.0.jar:/Users/matthew.hernandez/.m2/repository/kryo/minlog/1.1/minlog-1.1.jar:/Users/matthew.hernandez/.m2/repository/com/jivesoftware/jive-common-annotations/1.0.0.3/jive-common-annotations-1.0.0.3.jar:/Users/matthew.hernandez/.m2/repository/com/jivesoftware/jive-common-constants/1.0.0.11/jive-common-constants-1.0.0.11.jar:/Users/matthew.hernandez/.m2/repository/com/jivesoftware/jive-common-exception/1.0.0.3/jive-common-exception-1.0.0.3.jar:/Users/matthew.hernandez/.m2/repository/com/jivesoftware/jive-common-serialization/1.0.0.3/jive-common-serialization-1.0.0.3.jar:/Users/matthew.hernandez/.m2/repository/com/jivesoftware/jive-common-event/1.0.0.3/jive-common-event-1.0.0.3.jar:/Users/matthew.hernandez/.m2/repository/com/jivesoftware/jive-common-manager/1.0.0.3/jive-common-manager-1.0.0.3.jar:/Users/matthew.hernandez/.m2/repository/com/jivesoftware/jive-common-pojo/1.0.0.12/jive-common-pojo-1.0.0.12.jar:/Users/matthew.hernandez/.m2/repository/com/jivesoftware/jive-common-time/1.0.0.3/jive-common-time-1.0.0.3.jar:/Users/matthew.hernandez/.m2/repository/com/jivesoftware/jive-common-trial/1.0.0.9/jive-common-trial-1.0.0.9.jar:/Users/matthew.hernandez/.m2/repository/com/jivesoftware/jive-eos/1.5.133185-5.0.0.0/jive-eos-1.5.133185-5.0.0.0.jar:/Users/matthew.hernandez/.m2/repository/com/jivesoftware/ext/jive-ext/2.1/jive-ext-2.1.jar:/Users/matthew.hernandez/.m2/repository/com/jivesoftware/jive-token-replacement-connection/1.0-J/jive-token-replacement-connection-1.0-J.jar:/Users/matthew.hernandez/.m2/repository/com/jivesoftware/jive-xwork/2.0.7-6.0.0/jive-xwork-2.0.7-6.0.0.jar:/Users/matthew.hernandez/.m2/repository/com/jivesoftware/jive-ognl/2.7.2-5.0.3/jive-ognl-2.7.2-5.0.3.jar:/Users/matthew.hernandez/.m2/repository/joda-time/joda-time/1.6/joda-time-1.6.jar:/Users/matthew.hernandez/.m2/repository/org/json/json/20070829/json-20070829.jar:/Users/matthew.hernandez/.m2/repository/com/jivesoftware/json-lib/0.8.0/json-lib-0.8.0.jar:/Users/matthew.hernandez/.m2/repository/javax/ws/rs/jsr311-api/1.0/jsr311-api-1.0.jar:/Users/matthew.hernandez/.m2/repository/com/jivesoftware/jtidy/8.0-20060801.131059-3-3.0.0/jtidy-8.0-20060801.131059-3-3.0.0.jar:/Users/matthew.hernandez/.m2/repository/com/jivesoftware/kahadb/5.3.2-5.0.0.0/kahadb-5.3.2-5.0.0.0.jar:/Users/matthew.hernandez/.m2/repository/log4j/log4j/1.2.15/log4j-1.2.15.jar:/Users/matthew.hernandez/.m2/repository/org/jboss/netty/netty/3.2.3.Final/netty-3.2.3.Final.jar:/Users/matthew.hernandez/.m2/repository/com/newrelic/newrelic-api/2.4.2/newrelic-api-2.4.2.jar:/Users/matthew.hernandez/.m2/repository/net/oauth/core/oauth/20090531/oauth-20090531.jar:/Users/matthew.hernandez/.m2/repository/org/opends/openDS/2.2.0/openDS-2.2.0.jar:/Users/matthew.hernandez/.m2/repository/org/opensaml/opensaml/2.5.2/opensaml-2.5.2.jar:/Users/matthew.hernandez/.m2/repository/org/slf4j/jcl-over-slf4j/1.6.2/jcl-over-slf4j-1.6.2.jar:/Users/matthew.hernandez/.m2/repository/org/slf4j/log4j-over-slf4j/1.6.2/log4j-over-slf4j-1.6.2.jar:/Users/matthew.hernandez/.m2/repository/org/slf4j/jul-to-slf4j/1.6.2/jul-to-slf4j-1.6.2.jar:/Users/matthew.hernandez/.m2/repository/org/opensaml/openws/1.4.3/openws-1.4.3.jar:/Users/matthew.hernandez/.m2/repository/org/opensaml/xmltooling/1.3.3/xmltooling-1.3.3.jar:/Users/matthew.hernandez/.m2/repository/ca/juliusdavies/not-yet-commons-ssl/0.3.9/not-yet-commons-ssl-0.3.9.jar:/Users/matthew.hernandez/.m2/repository/com/jivesoftware/opensearch/0.1-3.0.1/opensearch-0.1-3.0.1.jar:/Users/matthew.hernandez/.m2/repository/com/jivesoftware/openid4java/0.9.5-6.0.0.0/openid4java-0.9.5-6.0.0.0.jar:/Users/matthew.hernandez/.m2/repository/com/jivesoftware/openxml4j-bin/110901.beta-6.0.0.0/openxml4j-bin-110901.beta-6.0.0.0.jar:/Users/matthew.hernandez/.m2/repository/com/jivesoftware/opml/0.1-4.0.0/opml-0.1-4.0.0.jar:/Users/matthew.hernandez/.m2/repository/org/springframework/spring-context/3.0.3.RELEASE-Jive2/spring-context-3.0.3.RELEASE-Jive2.jar:/Users/matthew.hernandez/.m2/repository/org/springframework/spring-jdbc/3.0.3.RELEASE/spring-jdbc-3.0.3.RELEASE.jar:/Users/matthew.hernandez/.m2/repository/org/springframework/spring-tx/3.0.3.RELEASE/spring-tx-3.0.3.RELEASE.jar:/Users/matthew.hernandez/.m2/repository/org/springframework/spring-web/3.0.3.RELEASE/spring-web-3.0.3.RELEASE.jar:/Users/matthew.hernandez/.m2/repository/opensymphony/oscore/2.2.5/oscore-2.2.5.jar:/Users/matthew.hernandez/.m2/repository/com/jivesoftware/oscache/2.4.1-2.5.3/oscache-2.4.1-2.5.3.jar:/Users/matthew.hernandez/.m2/repository/opensymphony/workflow/2.8/workflow-2.8.jar:/Users/matthew.hernandez/.m2/repository/org/apache/pdfbox/pdfbox/1.6.0/pdfbox-1.6.0.jar:/Users/matthew.hernandez/.m2/repository/com/jivesoftware/poi/3.6-99235-4.5.0/poi-3.6-99235-4.5.0.jar:/Users/matthew.hernandez/.m2/repository/com/jivesoftware/poi-ooxml/3.6-99235-4.5.0/poi-ooxml-3.6-99235-4.5.0.jar:/Users/matthew.hernandez/.m2/repository/org/apache/xmlbeans/xmlbeans/2.4.0/xmlbeans-2.4.0.jar:/Users/matthew.hernandez/.m2/repository/com/jivesoftware/poi-scratchpad/3.6-4.5.0/poi-scratchpad-3.6-4.5.0.jar:/Users/matthew.hernandez/.m2/repository/com/jivesoftware/propertyset/1.0-J/propertyset-1.0-J.jar:/Users/matthew.hernandez/.m2/repository/com/jivesoftware/rdf2go.api/4.6.2-3.0.0/rdf2go.api-4.6.2-3.0.0.jar:/Users/matthew.hernandez/.m2/repository/rome/rome-fetcher/1.0/rome-fetcher-1.0.jar:/Users/matthew.hernandez/.m2/repository/rome/rome/1.0/rome-1.0.jar:/Users/matthew.hernandez/.m2/repository/com/jivesoftware/shindig-common/2.0.0-6.0.0.0/shindig-common-2.0.0-6.0.0.0.jar:/Users/matthew.hernandez/.m2/repository/com/jivesoftware/shindig-gadgets/2.0.0-6.0.0.0/shindig-gadgets-2.0.0-6.0.0.0.jar:/Users/matthew.hernandez/.m2/repository/com/jivesoftware/shindig-social-api/2.0.0-6.0.0.0/shindig-social-api-2.0.0-6.0.0.0.jar:/Users/matthew.hernandez/.m2/repository/net/sf/ehcache/ehcache-core/2.5.0/ehcache-core-2.5.0.jar:/Users/matthew.hernandez/.m2/repository/opensymphony/sitemesh/2.3/sitemesh-2.3.jar:/Users/matthew.hernandez/.m2/repository/com/jivesoftware/sitemeshprocessor/1.0-J/sitemeshprocessor-1.0-J.jar:/Users/matthew.hernandez/.m2/repository/com/jivesoftware/spring-ldap/1.3.0-3.0.2/spring-ldap-1.3.0-3.0.2.jar:/Users/matthew.hernandez/.m2/repository/com/jivesoftware/spring-ldap-vlvcontrol/1.0/spring-ldap-vlvcontrol-1.0.jar:/Users/matthew.hernandez/.m2/repository/com/sun/ldapbp/1.0/ldapbp-1.0.jar:/Users/matthew.hernandez/.m2/repository/org/springframework/security/spring-security-core/3.0.5.RELEASE/spring-security-core-3.0.5.RELEASE.jar:/Users/matthew.hernandez/.m2/repository/com/jivesoftware/spring-security-kerberos-core/1.0.ea3fc0d-5.0.0.0/spring-security-kerberos-core-1.0.ea3fc0d-5.0.0.0.jar:/Users/matthew.hernandez/.m2/repository/org/springframework/security/spring-security-ldap/3.0.5.RELEASE/spring-security-ldap-3.0.5.RELEASE.jar:/Users/matthew.hernandez/.m2/repository/org/springframework/security/oauth/spring-security-oauth/1.0.0.M3/spring-security-oauth-1.0.0.M3.jar:/Users/matthew.hernandez/.m2/repository/org/springframework/security/spring-security-openid/3.0.5.RELEASE/spring-security-openid-3.0.5.RELEASE.jar:/Users/matthew.hernandez/.m2/repository/org/springframework/security/extensions/spring-security-saml2-core/1.0.0-RC1/spring-security-saml2-core-1.0.0-RC1.jar:/Users/matthew.hernandez/.m2/repository/org/springframework/security/spring-security-web/3.0.5.RELEASE/spring-security-web-3.0.5.RELEASE.jar:/Users/matthew.hernandez/.m2/repository/com/jivesoftware/ssce/1.0-J/ssce-1.0-J.jar:/Users/matthew.hernandez/.m2/repository/com/jivesoftware/struts2-core/2.0.14-4.5.6.0.beta/struts2-core-2.0.14-4.5.6.0.beta.jar:/Users/matthew.hernandez/.m2/repository/com/jivesoftware/subethasmtp/3.1-4.0.0/subethasmtp-3.1-4.0.0.jar:/Users/matthew.hernandez/.m2/repository/com/jivesoftware/thrift/0.4.0-5.0.0.0/thrift-0.4.0-5.0.0.0.jar:/Users/matthew.hernandez/.m2/repository/com/jivesoftware/voldemort-jive/0.80-6.0.0.4/voldemort-jive-0.80-6.0.0.4.jar:/Users/matthew.hernandez/.m2/repository/com/jivesoftware/wfw/0.1/wfw-0.1.jar:/Users/matthew.hernandez/.m2/repository/org/jivesoftware/whack/whack/1.0.0/whack-1.0.0.jar:/Users/matthew.hernandez/.m2/repository/com/jivesoftware/wss4j-1.5.8-custom/1.5.8-4.0.2/wss4j-1.5.8-custom-1.5.8-4.0.2.jar:/Users/matthew.hernandez/.m2/repository/xalan/xalan/2.7.1/xalan-2.7.1.jar:/Users/matthew.hernandez/.m2/repository/com/jivesoftware/xmlrpc-client/1.0_2_0_0_rc1/xmlrpc-client-1.0_2_0_0_rc1.jar:/Users/matthew.hernandez/.m2/repository/com/jivesoftware/xmlrpc-common/1.0_2_0_0_rc1/xmlrpc-common-1.0_2_0_0_rc1.jar:/Users/matthew.hernandez/.m2/repository/com/jivesoftware/xmlrpc-server/1.0_2_0_0_rc1/xmlrpc-server-1.0_2_0_0_rc1.jar:/Users/matthew.hernandez/.m2/repository/com/thoughtworks/xstream/xstream/1.3.1/xstream-1.3.1.jar:/Users/matthew.hernandez/.m2/repository/com/jivesoftware/yuicompressor/2.2.4_2_0_0_rc1/yuicompressor-2.2.4_2_0_0_rc1.jar:/Users/matthew.hernandez/.m2/repository/com/jivesoftware/zxing-core/1.7-5.0.1.0/zxing-core-1.7-5.0.1.0.jar:/Users/matthew.hernandez/.m2/repository/com/jivesoftware/zxing-javase/1.7-5.0.1.0/zxing-javase-1.7-5.0.1.0.jar:/Users/matthew.hernandez/.m2/repository/com/jivesoftware/proxool/0.9.1-3.0.0/proxool-0.9.1-3.0.0.jar:/Users/matthew.hernandez/.m2/repository/com/jivesoftware/opencsv/1.8-2.5.1/opencsv-1.8-2.5.1.jar:/Users/matthew.hernandez/.m2/repository/com/jivesoftware/caja/2.0.0.4135-5.0.0.0/caja-2.0.0.4135-5.0.0.0.jar:/Users/matthew.hernandez/.m2/repository/org/springframework/spring-beans/3.0.3.RELEASE-Jive3/spring-beans-3.0.3.RELEASE-Jive3.jar:/Users/matthew.hernandez/.m2/repository/org/springframework/spring-aop/3.0.3.RELEASE-Jive2/spring-aop-3.0.3.RELEASE-Jive2.jar:/Users/matthew.hernandez/.m2/repository/org/springframework/spring-core/3.0.3.RELEASE-Jive2/spring-core-3.0.3.RELEASE-Jive2.jar:/Users/matthew.hernandez/.m2/repository/jive/sqlgen/sqlgen/2.3.7/sqlgen-2.3.7.jar:/Users/matthew.hernandez/.m2/repository/org/jruby/jruby-complete/1.0/jruby-complete-1.0.jar:/Users/matthew.hernandez/.m2/repository/org/htmlparser/htmlparser/1.6/htmlparser-1.6.jar:/Users/matthew.hernandez/.m2/repository/org/apache/james/jspf/apache-jspf-resolver/1.0.0/apache-jspf-resolver-1.0.0.jar:/Users/matthew.hernandez/.m2/repository/dnsjava/dnsjava/2.0.8/dnsjava-2.0.8.jar:/Users/matthew.hernandez/.m2/repository/uk/nominet/dnsjnio/1.0.3/dnsjnio-1.0.3.jar:/Users/matthew.hernandez/.m2/repository/com/jivesoftware/service/activity-stream/ingress/service-api-ingress/2.0.28.0/service-api-ingress-2.0.28.0.jar:/Users/matthew.hernandez/.m2/repository/com/jivesoftware/service/activity-stream/ingress/service-api-pojo-ingress/2.0.28.0/service-api-pojo-ingress-2.0.28.0.jar:/Users/matthew.hernandez/.m2/repository/com/jivesoftware/eae/activity/eae-ingress/service-api-eae-ingress/1.0.0.2/service-api-eae-ingress-1.0.0.2.jar:/Users/matthew.hernandez/.m2/repository/com/jivesoftware/eae/activity/eae-ingress/service-api-pojo-eae-ingress/1.0.0.2/service-api-pojo-eae-ingress-1.0.0.2.jar:/Users/matthew.hernandez/.m2/repository/com/jivesoftware/eae/activity/eae-marshall/1.0.0.2/eae-marshall-1.0.0.2.jar:/Users/matthew.hernandez/.m2/repository/com/jivesoftware/service/property/marshalling/typed-property-map-marshalling-json/1.0.0.2/typed-property-map-marshalling-json-1.0.0.2.jar:/Users/matthew.hernandez/.m2/repository/com/jivesoftware/service/activity-stream/marshall/service-impl/json-activity-stream-marshaller/1.0.0.9/json-activity-stream-marshaller-1.0.0.9.jar:/Users/matthew.hernandez/.m2/repository/com/jivesoftware/service/common/base/2.0.28.1/base-2.0.28.1.jar:/Users/matthew.hernandez/.m2/repository/com/jivesoftware/service/common/tenancy/1.3.0.6/tenancy-1.3.0.6.jar:/Users/matthew.hernandez/.m2/repository/com/jivesoftware/service/phased-queue/processor/2.0.28.0/processor-2.0.28.0.jar:/Users/matthew.hernandez/.m2/repository/com/jivesoftware/service/phased-queue/phased-queue/2.0.28.0/phased-queue-2.0.28.0.jar:/Users/matthew.hernandez/.m2/repository/com/jivesoftware/service/logging/common/logger/2.0.27.1/logger-2.0.27.1.jar:/Users/matthew.hernandez/.m2/repository/com/jivesoftware/service/phased-queue/guaranteed-delivery/2.0.28.0/guaranteed-delivery-2.0.28.0.jar:/Users/matthew.hernandez/.m2/repository/com/jivesoftware/service/search/query/service-api-search-query-service/2.0.27.3/service-api-search-query-service-2.0.27.3.jar:/Users/matthew.hernandez/.m2/repository/com/jivesoftware/service/search/rebuild/service-api-search-index-rebuild-service/2.0.23.0/service-api-search-index-rebuild-service-2.0.23.0.jar:/Users/matthew.hernandez/.m2/repository/com/jivesoftware/service/search/rebuild/content/service-api-pojo-content-search-index-rebuild-service/2.0.23.0/service-api-pojo-content-search-index-rebuild-service-2.0.23.0.jar:/Users/matthew.hernandez/.m2/repository/com/jivesoftware/service/search/manage/service-api-search-index-manage-service/2.0.24.0/service-api-search-index-manage-service-2.0.24.0.jar:/Users/matthew.hernandez/.m2/repository/com/jivesoftware/service/search/jive-lucene-core/lucene_2.9.3-jive_1.0.0.0/jive-lucene-core-lucene_2.9.3-jive_1.0.0.0.jar:/Users/matthew.hernandez/.m2/repository/com/jivesoftware/service/search/jive-lucene-analyzers/lucene_2.9.3-jive_1.0.0.0/jive-lucene-analyzers-lucene_2.9.3-jive_1.0.0.0.jar:/Users/matthew.hernandez/.m2/repository/com/jivesoftware/service/search/jive-lucene-fast-vector-highlighter/lucene_2.9.3-jive_1.0.0.0/jive-lucene-fast-vector-highlighter-lucene_2.9.3-jive_1.0.0.0.jar:/Users/matthew.hernandez/.m2/repository/com/jivesoftware/service/search/jive-lucene-highlighter/lucene_2.9.3-jive_1.0.0.0/jive-lucene-highlighter-lucene_2.9.3-jive_1.0.0.0.jar:/Users/matthew.hernandez/.m2/repository/com/jivesoftware/service/search/jive-lucene-memory/lucene_2.9.3-jive_1.0.0.0/jive-lucene-memory-lucene_2.9.3-jive_1.0.0.0.jar:/Users/matthew.hernandez/.m2/repository/com/jivesoftware/service/search/jive-lucene-misc/lucene_2.9.3-jive_1.0.0.0/jive-lucene-misc-lucene_2.9.3-jive_1.0.0.0.jar:/Users/matthew.hernandez/.m2/repository/com/jivesoftware/service/search/jive-lucene-queries/lucene_2.9.3-jive_1.0.0.0/jive-lucene-queries-lucene_2.9.3-jive_1.0.0.0.jar:/Users/matthew.hernandez/.m2/repository/com/jivesoftware/service/search/jive-lucene-snowball/lucene_2.9.3-jive_1.0.0.0/jive-lucene-snowball-lucene_2.9.3-jive_1.0.0.0.jar:/Users/matthew.hernandez/.m2/repository/com/jivesoftware/service/search/jive-lucene-spellchecker/lucene_2.9.3-jive_1.0.0.0/jive-lucene-spellchecker-lucene_2.9.3-jive_1.0.0.0.jar:/Users/matthew.hernandez/.m2/repository/com/jivesoftware/service/search/jive-solr-core/solr_1.4.1-jive_1.0.0.0/jive-solr-core-solr_1.4.1-jive_1.0.0.0.jar:/Users/matthew.hernandez/.m2/repository/com/jivesoftware/service/search/jive-solr-solrj/solr_1.4.1-jive_1.0.0.0/jive-solr-solrj-solr_1.4.1-jive_1.0.0.0.jar:/Users/matthew.hernandez/.m2/repository/com/jivesoftware/service/search/http/query/content/content-http-query-service/2.0.29.0/content-http-query-service-2.0.29.0.jar:/Users/matthew.hernandez/.m2/repository/com/jivesoftware/service/search/http/query/base-http-query-service/2.0.29.0/base-http-query-service-2.0.29.0.jar:/Users/matthew.hernandez/.m2/repository/com/jivesoftware/service/search/http/query/content/content-http-query-shared/2.0.29.0/content-http-query-shared-2.0.29.0.jar:/Users/matthew.hernandez/.m2/repository/com/jivesoftware/service/search/http/query/url/url-http-query-service/2.0.29.0/url-http-query-service-2.0.29.0.jar:/Users/matthew.hernandez/.m2/repository/com/jivesoftware/service/search/query/service-api-search-url-query-service/2.0.27.0/service-api-search-url-query-service-2.0.27.0.jar:/Users/matthew.hernandez/.m2/repository/com/jivesoftware/service/search/http/query/url/url-http-query-shared/2.0.29.0/url-http-query-shared-2.0.29.0.jar:/Users/matthew.hernandez/.m2/repository/com/jivesoftware/service/search/http/query/http-query-shared/2.0.29.0/http-query-shared-2.0.29.0.jar:/Users/matthew.hernandez/.m2/repository/com/jivesoftware/service/search/http/rebuild/http-rebuild-service/2.0.29.0/http-rebuild-service-2.0.29.0.jar:/Users/matthew.hernandez/.m2/repository/com/jivesoftware/service/search/http/rebuild/rebuild-marshall/2.0.29.0/rebuild-marshall-2.0.29.0.jar:/Users/matthew.hernandez/.m2/repository/com/jivesoftware/service/search/rebuild/people/service-api-pojo-people-search-index-rebuild-service/2.0.23.0/service-api-pojo-people-search-index-rebuild-service-2.0.23.0.jar:/Users/matthew.hernandez/.m2/repository/com/jivesoftware/service/search/http/rebuild/rebuild-shared/2.0.29.0/rebuild-shared-2.0.29.0.jar:/Users/matthew.hernandez/.m2/repository/com/jivesoftware/service/activity-stream/ingress/service-impl/http-client-activity-stream-ingress/2.0.27.1/http-client-activity-stream-ingress-2.0.27.1.jar:/Users/matthew.hernandez/.m2/repository/com/jivesoftware/service/activity-stream/ingress/http/http-client-activity-stream-ingress-shared/2.0.27.1/http-client-activity-stream-ingress-shared-2.0.27.1.jar:/Users/matthew.hernandez/.m2/repository/com/jivesoftware/service/activity-stream/marshall/service-api-marshall/2.0.22.0/service-api-marshall-2.0.22.0.jar:/Users/matthew.hernandez/.m2/repository/com/jivesoftware/service/search/http/manage/http-manage-service/2.0.29.0/http-manage-service-2.0.29.0.jar:/Users/matthew.hernandez/.m2/repository/com/jivesoftware/service/search/http/manage/manage-shared/2.0.29.0/manage-shared-2.0.29.0.jar:/Users/matthew.hernandez/.m2/repository/com/jivesoftware/service/search/http/shared/http-shared/2.0.29.0/http-shared-2.0.29.0.jar:/Users/matthew.hernandez/.m2/repository/com/jivesoftware/service/common/service-common-http-client/2.0.28.1/service-common-http-client-2.0.28.1.jar:/Users/matthew.hernandez/.m2/repository/oauth/signpost/signpost-core/1.2.1.1/signpost-core-1.2.1.1.jar:/Users/matthew.hernandez/.m2/repository/oauth/signpost/signpost-commonshttp3/1.2.1.1/signpost-commonshttp3-1.2.1.1.jar:/Users/matthew.hernandez/.m2/repository/com/jivesoftware/service/search/text-extract/service-api-text-extract-service/1.0.0.0/service-api-text-extract-service-1.0.0.0.jar:/Users/matthew.hernandez/.m2/repository/com/jivesoftware/service/search/text-extract/service-impl/file-caching-text-extract-service/1.0.0.0/file-caching-text-extract-service-1.0.0.0.jar:/Users/matthew.hernandez/.m2/repository/com/jivesoftware/service/client/service-client-provider-api/2.0.29.1/service-client-provider-api-2.0.29.1.jar:/Users/matthew.hernandez/.m2/repository/com/jivesoftware/service/directory/service-directory-api/2.0.29.1/service-directory-api-2.0.29.1.jar:/Users/matthew.hernandez/.m2/repository/com/jivesoftware/service/directory/service-directory-http-client/2.0.29.1/service-directory-http-client-2.0.29.1.jar:/Users/matthew.hernandez/.m2/repository/com/jivesoftware/service/tenancy/service/tenancy-services-constants/2.0.29.1/tenancy-services-constants-2.0.29.1.jar:/Users/matthew.hernandez/.m2/repository/com/jivesoftware/service/tenancy/provider/tenancy-registry-api/2.0.29.1/tenancy-registry-api-2.0.29.1.jar:/Users/matthew.hernandez/.m2/repository/com/jivesoftware/service/tenancy/provider/tenancy-registry-http-client/2.0.29.1/tenancy-registry-http-client-2.0.29.1.jar:/Users/matthew.hernandez/.m2/repository/com/jivesoftware/service/tenant/service-tenant/2.0.29.1/service-tenant-2.0.29.1.jar:/Users/matthew.hernandez/.m2/repository/com/jivesoftware/jive-encryption/1.0.0.1/jive-encryption-1.0.0.1.jar:/Users/matthew.hernandez/.m2/repository/com/jivesoftware/service/tenancy/service/directory/service-directory-http-pojo/2.0.29.1/service-directory-http-pojo-2.0.29.1.jar:/Users/matthew.hernandez/.m2/repository/com/jivesoftware/service/tenancy/registry/tenancy-registry-http-pojo/2.0.29.1/tenancy-registry-http-pojo-2.0.29.1.jar:/Users/matthew.hernandez/.m2/repository/com/jivesoftware/service/logging/http/durable-http-logger/2.0.29.0/durable-http-logger-2.0.29.0.jar:/Users/matthew.hernandez/.m2/repository/com/jivesoftware/service/logging/http/durable-http-logger-api/2.0.29.0/durable-http-logger-api-2.0.29.0.jar:/Users/matthew.hernandez/.m2/repository/org/xerial/snappy/snappy-java/1.0.4.1/snappy-java-1.0.4.1.jar:/Users/matthew.hernandez/.m2/repository/org/jivesoftware/smack/smackx/3.0.4/smackx-3.0.4.jar:/Users/matthew.hernandez/.m2/repository/org/apache/activemq/activeio-core/3.0.0-incubator/activeio-core-3.0.0-incubator.jar:/Users/matthew.hernandez/.m2/repository/com/jivesoftware/activemq-ra/5.2.0-4.0.0/activemq-ra-5.2.0-4.0.0.jar:/Users/matthew.hernandez/.m2/repository/antlr/antlr/2.7.6/antlr-2.7.6.jar:/Users/matthew.hernandez/.m2/repository/aopalliance/aopalliance/1.0/aopalliance-1.0.jar:/Users/matthew.hernandez/.m2/repository/com/jivesoftware/apache-jspf/0.9.6-4.0.0/apache-jspf-0.9.6-4.0.0.jar:/Users/matthew.hernandez/.m2/repository/com/jivesoftware/apache-mime4j/0.6-4.0.0/apache-mime4j-0.6-4.0.0.jar:/Users/matthew.hernandez/.m2/repository/org/apache/ws/commons/axiom/axiom-api/1.2.7/axiom-api-1.2.7.jar:/Users/matthew.hernandez/.m2/repository/org/apache/ws/commons/axiom/axiom-impl/1.2.7/axiom-impl-1.2.7.jar:/Users/matthew.hernandez/.m2/repository/org/bouncycastle/bcmail-jdk16/1.46/bcmail-jdk16-1.46.jar:/Users/matthew.hernandez/.m2/repository/com/jivesoftware/bootstrapconnector/svn85553-4.0.0/bootstrapconnector-svn85553-4.0.0.jar:/Users/matthew.hernandez/.m2/repository/cglib/cglib-nodep/2.2.2-Jive1/cglib-nodep-2.2.2-Jive1.jar:/Users/matthew.hernandez/.m2/repository/com/jivesoftware/cloud-communication/1.0_2_0_0_rc1/cloud-communication-1.0_2_0_0_rc1.jar:/Users/matthew.hernandez/.m2/repository/commons-betwixt/commons-betwixt/0.8/commons-betwixt-0.8.jar:/Users/matthew.hernandez/.m2/repository/commons-cli/commons-cli/1.0/commons-cli-1.0.jar:/Users/matthew.hernandez/.m2/repository/com/jivesoftware/commons-csv-1.0-SNAPSHOT/r609327-6.0.0.0/commons-csv-1.0-SNAPSHOT-r609327-6.0.0.0.jar:/Users/matthew.hernandez/.m2/repository/commons-dbcp/commons-dbcp/1.2.1/commons-dbcp-1.2.1.jar:/Users/matthew.hernandez/.m2/repository/commons-digester/commons-digester/1.7/commons-digester-1.7.jar:/Users/matthew.hernandez/.m2/repository/commons-discovery/commons-discovery/0.2/commons-discovery-0.2.jar:/Users/matthew.hernandez/.m2/repository/commons-logging/commons-logging/1.1.1/commons-logging-1.1.1.jar:/Users/matthew.hernandez/.m2/repository/commons-net/commons-net/1.4.0/commons-net-1.4.0.jar:/Users/matthew.hernandez/.m2/repository/com/jivesoftware/connector-api/1.0-4.0.0/connector-api-1.0-4.0.0.jar:/Users/matthew.hernandez/.m2/repository/org/apache/derby/derby/10.2.2.0/derby-10.2.2.0.jar:/Users/matthew.hernandez/.m2/repository/com/jivesoftware/emoticons/1.0-3.0.1/emoticons-1.0-3.0.1.jar:/Users/matthew.hernandez/.m2/repository/org/owasp/esapi/esapi/2.0GA/esapi-2.0GA.jar:/Users/matthew.hernandez/.m2/repository/commons-configuration/commons-configuration/1.5/commons-configuration-1.5.jar:/Users/matthew.hernandez/.m2/repository/org/beanshell/bsh-core/2.0b4/bsh-core-2.0b4.jar:/Users/matthew.hernandez/.m2/repository/org/owasp/antisamy/antisamy/1.4.3/antisamy-1.4.3.jar:/Users/matthew.hernandez/.m2/repository/com/sun/xml/fastinfoset/FastInfoset/1.2.3/FastInfoset-1.2.3.jar:/Users/matthew.hernandez/.m2/repository/org/apache/pdfbox/fontbox/1.6.0/fontbox-1.6.0.jar:/Users/matthew.hernandez/.m2/repository/org/apache/geronimo/specs/geronimo-activation_1.1_spec/1.0.2/geronimo-activation_1.1_spec-1.0.2.jar:/Users/matthew.hernandez/.m2/repository/org/apache/geronimo/specs/geronimo-annotation_1.0_spec/1.1/geronimo-annotation_1.0_spec-1.1.jar:/Users/matthew.hernandez/.m2/repository/org/apache/geronimo/components/geronimo-connector/2.0.1/geronimo-connector-2.0.1.jar:/Users/matthew.hernandez/.m2/repository/org/apache/geronimo/specs/geronimo-jpa_3.0_spec/1.0/geronimo-jpa_3.0_spec-1.0.jar:/Users/matthew.hernandez/.m2/repository/org/apache/geronimo/components/geronimo-transaction/2.0.1/geronimo-transaction-2.0.1.jar:/Users/matthew.hernandez/.m2/repository/com/google/guava/guava/r09/guava-r09.jar:/Users/matthew.hernandez/.m2/repository/com/google/inject/extensions/guice-assistedinject/3.0/guice-assistedinject-3.0.jar:/Users/matthew.hernandez/.m2/repository/com/google/inject/extensions/guice-jmx/3.0/guice-jmx-3.0.jar:/Users/matthew.hernandez/.m2/repository/com/jivesoftware/hessian/3.2.0-3.0.0/hessian-3.2.0-3.0.0.jar:/Users/matthew.hernandez/.m2/repository/com/jivesoftware/hsqldb/1.0_2_0_0_rc1/hsqldb-1.0_2_0_0_rc1.jar:/Users/matthew.hernandez/.m2/repository/com/ibm/icu/icu4j/3.8/icu4j-3.8.jar:/Users/matthew.hernandez/.m2/repository/com/jivesoftware/javassist/3.13.0-6.0.0.0/javassist-3.13.0-6.0.0.0.jar:/Users/matthew.hernandez/.m2/repository/com/jivesoftware/java-xmlbuilder/1-4.0.0/java-xmlbuilder-1-4.0.0.jar:/Users/matthew.hernandez/.m2/repository/com/sun/xml/bind/jaxb-impl/2.1.9/jaxb-impl-2.1.9.jar:/Users/matthew.hernandez/.m2/repository/com/jivesoftware/jclf-3.0b/2-4.0.0/jclf-3.0b-2-4.0.0.jar:/Users/matthew.hernandez/.m2/repository/com/jivesoftware/jcommon/1.0.5/jcommon-1.0.5.jar:/Users/matthew.hernandez/.m2/repository/com/jivesoftware/jdcd/1.0.0-4.0.0/jdcd-1.0.0-4.0.0.jar:/Users/matthew.hernandez/.m2/repository/org/apache/pdfbox/jempbox/1.6.0/jempbox-1.6.0.jar:/Users/matthew.hernandez/.m2/repository/com/jivesoftware/jencks-2.2/1.0-4.0.0/jencks-2.2-1.0-4.0.0.jar:/Users/matthew.hernandez/.m2/repository/net/java/dev/jets3t/jets3t/0.7.1/jets3t-0.7.1.jar:/Users/matthew.hernandez/.m2/repository/com/jivesoftware/jive_jsh/1.0-4.5.0/jive_jsh-1.0-4.5.0.jar:/Users/matthew.hernandez/.m2/repository/com/jivesoftware/joosd/1.0.0-4.0.0/joosd-1.0.0-4.0.0.jar:/Users/matthew.hernandez/.m2/repository/com/jivesoftware/jpedal/3.8.5b15-4.5.5.0/jpedal-3.8.5b15-4.5.5.0.jar:/Users/matthew.hernandez/.m2/repository/org/codehaus/jra/jra/1.0-alpha-4/jra-1.0-alpha-4.jar:/Users/matthew.hernandez/.m2/repository/org/jsecurity/jsecurity/0.9.0/jsecurity-0.9.0.jar:/Users/matthew.hernandez/.m2/repository/com/jivesoftware/jsonplugin/0.32-4.0.0/jsonplugin-0.32-4.0.0.jar:/Users/matthew.hernandez/.m2/repository/com/googlecode/json-simple/json-simple/1.1/json-simple-1.1.jar:/Users/matthew.hernandez/.m2/repository/javax/servlet/jstl/1.2/jstl-1.2.jar:/Users/matthew.hernandez/.m2/repository/de/odysseus/juel/juel-impl/2.1.2/juel-impl-2.1.2.jar:/Users/matthew.hernandez/.m2/repository/com/jivesoftware/juh/2.2.1-4.0.0/juh-2.2.1-4.0.0.jar:/Users/matthew.hernandez/.m2/repository/com/jivesoftware/jurt/2.2.1-4.0.0/jurt-2.2.1-4.0.0.jar:/Users/matthew.hernandez/.m2/repository/com/jivesoftware/mina-core/1.1.7-4.0.0/mina-core-1.1.7-4.0.0.jar:/Users/matthew.hernandez/.m2/repository/com/jivesoftware/mina-filter-ssl/1.1.7-4.0.0/mina-filter-ssl-1.1.7-4.0.0.jar:/Users/matthew.hernandez/.m2/repository/com/jivesoftware/mina-integration-jmx/1.1.7-4.0.0/mina-integration-jmx-1.1.7-4.0.0.jar:/Users/matthew.hernandez/.m2/repository/org/mvel/mvel2/2.0.17/mvel2-2.0.17.jar:/Users/matthew.hernandez/.m2/repository/org/apache/neethi/neethi/2.0.4/neethi-2.0.4.jar:/Users/matthew.hernandez/.m2/repository/net/sourceforge/nekohtml/nekohtml/1.9.13/nekohtml-1.9.13.jar:/Users/matthew.hernandez/.m2/repository/net/oauth/core/oauth-consumer/20090531/oauth-consumer-20090531.jar:/Users/matthew.hernandez/.m2/repository/net/oauth/core/oauth-httpclient3/20090531/oauth-httpclient3-20090531.jar:/Users/matthew.hernandez/.m2/repository/net/oauth/core/oauth-provider/20090531/oauth-provider-20090531.jar:/Users/matthew.hernandez/.m2/repository/org/opends/je/2.2.0/je-2.2.0.jar:/Users/matthew.hernandez/.m2/repository/com/jivesoftware/openrdf-sesame-onejar-osgi/2.1.1-3.0.0/openrdf-sesame-onejar-osgi-2.1.1-3.0.0.jar:/Users/matthew.hernandez/.m2/repository/org/springframework/spring-asm/3.0.3.RELEASE/spring-asm-3.0.3.RELEASE.jar:/Users/matthew.hernandez/.m2/repository/org/springframework/spring-context-support/3.0.3.RELEASE/spring-context-support-3.0.3.RELEASE.jar:/Users/matthew.hernandez/.m2/repository/org/springframework/spring-expression/3.0.3.RELEASE/spring-expression-3.0.3.RELEASE.jar:/Users/matthew.hernandez/.m2/repository/org/springframework/spring-instrument/3.0.3.RELEASE/spring-instrument-3.0.3.RELEASE.jar:/Users/matthew.hernandez/.m2/repository/org/springframework/spring-instrument-tomcat/3.0.3.RELEASE/spring-instrument-tomcat-3.0.3.RELEASE.jar:/Users/matthew.hernandez/.m2/repository/org/springframework/spring-jms/3.0.3.RELEASE/spring-jms-3.0.3.RELEASE.jar:/Users/matthew.hernandez/.m2/repository/org/springframework/spring-struts/3.0.3.RELEASE/spring-struts-3.0.3.RELEASE.jar:/Users/matthew.hernandez/.m2/repository/com/jivesoftware/PngEncoder/1.0-J/PngEncoder-1.0-J.jar:/Users/matthew.hernandez/.m2/repository/com/jivesoftware/poi-contrib/3.6-99235-4.5.0/poi-contrib-3.6-99235-4.5.0.jar:/Users/matthew.hernandez/.m2/repository/com/jivesoftware/poi-ooxml-schemas/3.6-4.5.0/poi-ooxml-schemas-3.6-4.5.0.jar:/Users/matthew.hernandez/.m2/repository/com/google/protobuf/protobuf-java/2.2.0/protobuf-java-2.2.0.jar:/Users/matthew.hernandez/.m2/repository/qdox/qdox/1.6.1/qdox-1.6.1.jar:/Users/matthew.hernandez/.m2/repository/com/jivesoftware/quartz/1.8.4-4.5.6.0/quartz-1.8.4-4.5.6.0.jar:/Users/matthew.hernandez/.m2/repository/com/jivesoftware/rdf2go.impl.base/4.6.2-3.0.0/rdf2go.impl.base-4.6.2-3.0.0.jar:/Users/matthew.hernandez/.m2/repository/com/jivesoftware/rdf2go.impl.sesame/20-3.0.0/rdf2go.impl.sesame-20-3.0.0.jar:/Users/matthew.hernandez/.m2/repository/com/jivesoftware/rdf2go.impl.util/4.6.2-3.0.0/rdf2go.impl.util-4.6.2-3.0.0.jar:/Users/matthew.hernandez/.m2/repository/xml-resolver/xml-resolver/1.2/xml-resolver-1.2.jar:/Users/matthew.hernandez/.m2/repository/com/jivesoftware/ridl/2.2.1-4.0.0/ridl-2.2.1-4.0.0.jar:/Users/matthew.hernandez/.m2/repository/org/rifers/rife-continuations/0.0.1/rife-continuations-0.0.1.jar:/Users/matthew.hernandez/.m2/repository/org/apache/sanselan/sanselan/0.97-incubator/sanselan-0.97-incubator.jar:/Users/matthew.hernandez/.m2/repository/com/jivesoftware/shindig-extras/3.0.0-6.0.0.0/shindig-extras-3.0.0-6.0.0.0.jar:/Users/matthew.hernandez/.m2/repository/com/jivesoftware/shindig-features/2.0.0-6.0.0.0/shindig-features-2.0.0-6.0.0.0.jar:/Users/matthew.hernandez/.m2/repository/org/slf4j/slf4j-log4j12/1.6.2/slf4j-log4j12-1.6.2.jar:/Users/matthew.hernandez/.m2/repository/com/jivesoftware/smjavaagentapi/1.0-J/smjavaagentapi-1.0-J.jar:/Users/matthew.hernandez/.m2/repository/org/springframework/security/spring-security-config/3.0.5.RELEASE/spring-security-config-3.0.5.RELEASE.jar:/Users/matthew.hernandez/.m2/repository/net/java/dev/stax-utils/stax-utils/20040917/stax-utils-20040917.jar:/Users/matthew.hernandez/.m2/repository/com/jivesoftware/struts2-config-browser-plugin/2.0.14-2.5.6/struts2-config-browser-plugin-2.0.14-2.5.6.jar:/Users/matthew.hernandez/.m2/repository/com/jivesoftware/struts2-jfreechart-plugin/2.0.14-2.5.6/struts2-jfreechart-plugin-2.0.14-2.5.6.jar:/Users/matthew.hernandez/.m2/repository/com/jivesoftware/struts2-sitemesh-plugin/2.0.14-2.5.6/struts2-sitemesh-plugin-2.0.14-2.5.6.jar:/Users/matthew.hernandez/.m2/repository/com/jivesoftware/struts2-spring-plugin/2.0.14-2.5.6/struts2-spring-plugin-2.0.14-2.5.6.jar:/Users/matthew.hernandez/.m2/repository/com/sun/xml/messaging/saaj/saaj-impl/1.3/saaj-impl-1.3.jar:/Users/matthew.hernandez/.m2/repository/com/jivesoftware/unoil/2.2.1-4.0.0/unoil-2.2.1-4.0.0.jar:/Users/matthew.hernandez/.m2/repository/org/apache/velocity/velocity-tools/2.0/velocity-tools-2.0.jar:/Users/matthew.hernandez/.m2/repository/org/apache/ws/commons/ws-commons-util/1.0.1/ws-commons-util-1.0.1.jar:/Users/matthew.hernandez/.m2/repository/wsdl4j/wsdl4j/1.6.2/wsdl4j-1.6.2.jar:/Users/matthew.hernandez/.m2/repository/org/codehaus/woodstox/wstx-asl/3.2.9/wstx-asl-3.2.9.jar:/Users/matthew.hernandez/.m2/repository/org/apache/xbean/xbean-spring/3.3/xbean-spring-3.3.jar:/Users/matthew.hernandez/.m2/repository/org/apache/xmlgraphics/xmlgraphics-commons/1.3/xmlgraphics-commons-1.3.jar:/Users/matthew.hernandez/.m2/repository/org/apache/ws/commons/schema/XmlSchema/1.4.5/XmlSchema-1.4.5.jar:/Users/matthew.hernandez/.m2/repository/org/apache/santuario/xmlsec/1.4.3/xmlsec-1.4.3.jar:/Users/matthew.hernandez/.m2/repository/xpp3/xpp3/1.1.3.4/xpp3-1.1.3.4.jar:/Users/matthew.hernandez/.m2/repository/xpp3/xpp3_xpath/1.1.3.4/xpp3_xpath-1.1.3.4.jar:/Users/matthew.hernandez/.m2/repository/com/jivesoftware/proxool-cglib/1.0-3.0.0/proxool-cglib-1.0-3.0.0.jar:/Users/matthew.hernandez/.m2/repository/com/jivesoftware/caja-htmlparser/2.0.0.4135-5.0.0.0/caja-htmlparser-2.0.0.4135-5.0.0.0.jar:/Users/matthew.hernandez/.m2/repository/com/jivesoftware/cloud-trust/1.0-2.5.0.rc/cloud-trust-1.0-2.5.0.rc.jar:/Users/matthew.hernandez/.m2/repository/com/jivesoftware/chart/1.0-J/chart-1.0-J.jar:/Users/matthew.hernandez/.m2/repository/axis/axis/1.4/axis-1.4.jar:/Users/matthew.hernandez/.m2/repository/org/apache/xerces/xercesImpl/2.9.1/xercesImpl-2.9.1.jar:/Users/matthew.hernandez/.m2/repository/com/jivesoftware/batik/1.7+r608262-2.5.0.rc/batik-1.7+r608262-2.5.0.rc.jar:/Users/matthew.hernandez/.m2/repository/com/jivesoftware/font/1.0-2.5.0.rc/font-1.0-2.5.0.rc.jar:/Users/matthew.hernandez/.m2/repository/org/apache/xerces/serializer/2.9.1/serializer-2.9.1.jar:/Users/matthew.hernandez/.m2/repository/com/jivesoftware/antivirus/1.0-2.5.0.rc/antivirus-1.0-2.5.0.rc.jar:/Users/matthew.hernandez/.m2/repository/com/jivesoftware/jive-eos-s3/1.1.114788-5.0.0/jive-eos-s3-1.1.114788-5.0.0.jar:/Users/matthew.hernandez/.m2/repository/javax/servlet/servlet-api/2.5/servlet-api-2.5.jar:/Users/matthew.hernandez/.m2/repository/org/springframework/spring-aspects/3.0.3.RELEASE/spring-aspects-3.0.3.RELEASE.jar:/Users/matthew.hernandez/.m2/repository/junit/junit/4.8/junit-4.8.jar:/Users/matthew.hernandez/.m2/repository/org/objenesis/objenesis/1.2/objenesis-1.2.jar:/Users/matthew.hernandez/.m2/repository/cglib/cglib/2.2/cglib-2.2.jar:/Users/matthew.hernandez/.m2/repository/asm/asm/3.1/asm-3.1.jar:/Users/matthew.hernandez/.m2/repository/org/powermock/powermock-module-junit4/1.4.8/powermock-module-junit4-1.4.8.jar:/Users/matthew.hernandez/.m2/repository/org/powermock/powermock-module-junit4-common/1.4.8/powermock-module-junit4-common-1.4.8.jar:/Users/matthew.hernandez/.m2/repository/org/powermock/powermock-core/1.4.8/powermock-core-1.4.8.jar:/Users/matthew.hernandez/.m2/repository/org/javassist/javassist/3.14.0-GA/javassist-3.14.0-GA.jar:/Users/matthew.hernandez/.m2/repository/org/powermock/powermock-reflect/1.4.8/powermock-reflect-1.4.8.jar:/Users/matthew.hernandez/.m2/repository/org/powermock/powermock-api-mockito/1.4.8/powermock-api-mockito-1.4.8.jar:/Users/matthew.hernandez/.m2/repository/org/powermock/powermock-api-support/1.4.8/powermock-api-support-1.4.8.jar:/Users/matthew.hernandez/.m2/repository/org/mockito/mockito-all/1.8.5/mockito-all-1.8.5.jar:/Users/matthew.hernandez/.m2/repository/org/dbunit/dbunit/2.4.3/dbunit-2.4.3.jar:/Users/matthew.hernandez/.m2/repository/org/slf4j/slf4j-api/1.5.6/slf4j-api-1.5.6.jar:/Users/matthew.hernandez/.m2/repository/org/springframework/spring-test/3.0.3.RELEASE/spring-test-3.0.3.RELEASE.jar:/Users/matthew.hernandez/.m2/repository/org/mortbay/jetty/jetty/6.1.8/jetty-6.1.8.jar:/Users/matthew.hernandez/.m2/repository/org/mortbay/jetty/jetty-util/6.1.8/jetty-util-6.1.8.jar:/Users/matthew.hernandez/.m2/repository/org/mortbay/jetty/servlet-api-2.5/6.1.8/servlet-api-2.5-6.1.8.jar:/Users/matthew.hernandez/.m2/repository/emma/emma/2.1.5320/emma-2.1.5320.jar:/Users/matthew.hernandez/.m2/repository/com/jivesoftware/core-test-base/6.0.0.1/core-test-base-6.0.0.1.jar:/Users/matthew.hernandez/.m2/repository/com/jivesoftware/testdata/ldap/1.0/ldap-1.0.jar:/Users/matthew.hernandez/.m2/repository/com/jivesoftware/util/test/jive-test-util/1.0/jive-test-util-1.0.jar:/Users/matthew.hernandez/.m2/repository/junit-addons/junit-addons/1.4/junit-addons-1.4.jar:/Users/matthew.hernandez/.m2/repository/org/mockito/mockito-core/1.8.5/mockito-core-1.8.5.jar:/Users/matthew.hernandez/.m2/repository/com/jivesoftware/dirty-mockito/dirty-mockito/0.4.1-20111222/dirty-mockito-0.4.1-20111222.jar:/Users/matthew.hernandez/.m2/repository/org/springframework/spring-orm/3.0.5.RELEASE/spring-orm-3.0.5.RELEASE.jar:/Users/matthew.hernandez/.m2/repository/mockobjects/mockobjects-core/0.09/mockobjects-core-0.09.jar:/Users/matthew.hernandez/.m2/repository/mockobjects/mockobjects-jdk1.4-j2ee1.3/0.09/mockobjects-jdk1.4-j2ee1.3-0.09.jar:/Users/matthew.hernandez/.m2/repository/org/easymock/easymock/2.3/easymock-2.3.jar:/Users/matthew.hernandez/.m2/repository/com/jivesoftware/jmock/20111111/jmock-20111111.jar:/Users/matthew.hernandez/.m2/repository/com/jivesoftware/hamcrest-core/20111111/hamcrest-core-20111111.jar:/Users/matthew.hernandez/.m2/repository/com/jivesoftware/hamcrest-library/20111111/hamcrest-library-20111111.jar:/Users/matthew.hernandez/.m2/repository/com/jivesoftware/jive-common-testutil/1.0.0.3/jive-common-testutil-1.0.0.3.jar:/Users/matthew.hernandez/.m2/repository/postgresql/postgresql/9.0-801.jdbc4/postgresql-9.0-801.jdbc4.jar:/Users/matthew.hernandez/.m2/repository/org/hamcrest/hamcrest-library/1.2/hamcrest-library-1.2.jar:/Users/matthew.hernandez/.m2/repository/org/hamcrest/hamcrest-core/1.2/hamcrest-core-1.2.jar:"/>
    <property name="java.vm.specification.version" value="1.0"/>
    <property name="sun.arch.data.model" value="64"/>
    <property name="java.home" value="/System/Library/Java/JavaVirtualMachines/1.6.0.jdk/Contents/Home"/>
    <property name="sun.java.command" value="/var/folders/tf/t_3xywsd6234gs949ndkp9w19v98gq/T/surefirebooter8835497363529740008.jar /var/folders/tf/t_3xywsd6234gs949ndkp9w19v98gq/T/surefire4131163028093740790tmp /var/folders/tf/t_3xywsd6234gs949ndkp9w19v98gq/T/surefire6209272320545899047tmp"/>
    <property name="java.specification.vendor" value="Sun Microsystems Inc."/>
    <property name="user.language" value="en"/>
    <property name="awt.toolkit" value="apple.awt.CToolkit"/>
    <property name="java.vm.info" value="mixed mode"/>
    <property name="java.version" value="1.6.0_43"/>
    <property name="java.ext.dirs" value="/Library/Java/Extensions:/System/Library/Java/Extensions:/System/Library/Java/JavaVirtualMachines/1.6.0.jdk/Contents/Home/lib/ext"/>
    <property name="sun.boot.class.path" value="/System/Library/Java/JavaVirtualMachines/1.6.0.jdk/Contents/Classes/jsfd.jar:/System/Library/Java/JavaVirtualMachines/1.6.0.jdk/Contents/Classes/classes.jar:/System/Library/Frameworks/JavaVM.framework/Frameworks/JavaRuntimeSupport.framework/Resources/Java/JavaRuntimeSupport.jar:/System/Library/Java/JavaVirtualMachines/1.6.0.jdk/Contents/Classes/ui.jar:/System/Library/Java/JavaVirtualMachines/1.6.0.jdk/Contents/Classes/laf.jar:/System/Library/Java/JavaVirtualMachines/1.6.0.jdk/Contents/Classes/sunrsasign.jar:/System/Library/Java/JavaVirtualMachines/1.6.0.jdk/Contents/Classes/jsse.jar:/System/Library/Java/JavaVirtualMachines/1.6.0.jdk/Contents/Classes/jce.jar:/System/Library/Java/JavaVirtualMachines/1.6.0.jdk/Contents/Classes/charsets.jar"/>
    <property name="java.vendor" value="Apple Inc."/>
    <property name="localRepository" value="/Users/matthew.hernandez/.m2/repository"/>
    <property name="file.separator" value="/"/>
    <property name="java.vendor.url.bug" value="http://bugreport.apple.com/"/>
    <property name="sun.cpu.endian" value="little"/>
    <property name="sun.io.unicode.encoding" value="UnicodeLittle"/>
    <property name="mrj.version" value="1070.1.6.0_43-447"/>
    <property name="socksNonProxyHosts" value="local|*.local|169.254/16|*.169.254/16"/>
    <property name="ftp.nonProxyHosts" value="local|*.local|169.254/16|*.169.254/16"/>
    <property name="sun.cpu.isalist" value=""/>
  </properties>
  <testcase time="0.363" classname="ExampleUnitTestCase" name="test_plugin_code"/>
</testsuite>